<?xml version="1.0" encoding="UTF-8"?>
<testsuites name="pERFILPROPIO" time="140.218" tests="6" failures="0" errors="0">
   <testsuite name="pERFILPROPIO" tests="6" failures="0" errors="0" time="140.218" skipped="0" timestamp="2023-06-20 11:30:15" hostname="Testing - DESKTOP-OBIGNLU" id="Test Suites/pERFILPROPIO">
      <properties>
         <property name="deviceName" value="samsung SM-A107M (Android 11)"/>
         <property name="devicePlatform" value=""/>
         <property name="logFolder" value="C:\\Users\\Testing\\Katalon Studio\\NN_Version2\\Reports\\20230620_113010\\pERFILPROPIO\\20230620_113010"/>
         <property name="logFiles" value="C:\\Users\\Testing\\Katalon Studio\\NN_Version2\\Reports\\20230620_113010\\pERFILPROPIO\\20230620_113010\\appium.log, C:\\Users\\Testing\\Katalon Studio\\NN_Version2\\Reports\\20230620_113010\\pERFILPROPIO\\20230620_113010\\execution0.log"/>
         <property name="attachments" value=""/>
         <property name="hostName" value="Testing - DESKTOP-OBIGNLU"/>
         <property name="os" value="Windows 10 64bit"/>
         <property name="appiumServerStatus" value="{&quot;value&quot;:{&quot;build&quot;:{&quot;version&quot;:&quot;1.22.3&quot;}},&quot;sessionId&quot;:null,&quot;status&quot;:0}"/>
         <property name="katalonVersion" value="8.6.5.208"/>
         <property name="deviceOS" value="Android"/>
         <property name="appiumVersion" value="1.22.3"/>
         <property name="deviceModel" value="SM-A107M"/>
         <property name="hostAddress" value="192.168.1.1"/>
         <property name="deviceManufacturer" value="samsung"/>
         <property name="deviceId" value="R9WN40KBXDJ"/>
         <property name="deviceName" value="samsung SM-A107M (Android 11)"/>
         <property name="deviceOSVersion" value="11"/>
      </properties>
      <testcase name="Test Cases/ingreso para prueba" time="62.862" classname="Test Cases/ingreso para prueba" status="PASSED">
         <system-out><![CDATA[2023-06-20 11:30:15 - [TEST_CASE][PASSED] - Test Cases/ingreso para prueba: Test Cases/ingreso para prueba

2023-06-20 11:30:15 - [TEST_STEP][PASSED] - startApplication("C:\Users\Testing\Desktop\katalon\Version nueva\app-debug (2).apk", true): Started app at: 'C:\Users\Testing\Desktop\katalon\Version nueva\app-debug (2).apk'

2023-06-20 11:30:16 - [MESSAGE][INFO] - User set preference: ['deviceId', '']

2023-06-20 11:30:16 - [MESSAGE][INFO] - Detected NodeJS location: "C:\Program Files\nodejs\node.exe"

2023-06-20 11:30:18 - [MESSAGE][INFO] - Appium server started on port 49.269

2023-06-20 11:30:53 - [MESSAGE][PASSED] - Started app at: 'C:\Users\Testing\Desktop\katalon\Version nueva\app-debug (2).apk'

2023-06-20 11:30:53 - [TEST_STEP][PASSED] - tap(findTestObject("Object Repository/ingreso/android.widget.TextView - Omitir"), 0): Tapped on element 'Object Repository/ingreso/android.widget.TextView - Omitir'

2023-06-20 11:30:53 - [MESSAGE][WARNING] - Timeout '0' is invalid. Using default page load timeout: '30'

2023-06-20 11:30:54 - [MESSAGE][PASSED] - Tapped on element 'Object Repository/ingreso/android.widget.TextView - Omitir'

2023-06-20 11:30:54 - [TEST_STEP][PASSED] - tap(findTestObject("Object Repository/ingreso/android.widget.Button - Crear Cuenta"), 0): Tapped on element 'Object Repository/ingreso/android.widget.Button - Crear Cuenta'

2023-06-20 11:30:54 - [MESSAGE][WARNING] - Timeout '0' is invalid. Using default page load timeout: '30'

2023-06-20 11:30:55 - [MESSAGE][PASSED] - Tapped on element 'Object Repository/ingreso/android.widget.Button - Crear Cuenta'

2023-06-20 11:30:55 - [TEST_STEP][PASSED] - tap(findTestObject("Object Repository/ingreso/android.widget.Button - Enviar cdigo de registro"), 0): Tapped on element 'Object Repository/ingreso/android.widget.Button - Enviar cdigo de registro'

2023-06-20 11:30:55 - [MESSAGE][WARNING] - Timeout '0' is invalid. Using default page load timeout: '30'

2023-06-20 11:30:57 - [MESSAGE][PASSED] - Tapped on element 'Object Repository/ingreso/android.widget.Button - Enviar cdigo de registro'

2023-06-20 11:30:57 - [TEST_STEP][PASSED] - tap(findTestObject("Object Repository/ingreso/android.widget.Button - Continuar"), 0): Tapped on element 'Object Repository/ingreso/android.widget.Button - Continuar'

2023-06-20 11:30:57 - [MESSAGE][WARNING] - Timeout '0' is invalid. Using default page load timeout: '30'

2023-06-20 11:31:05 - [MESSAGE][PASSED] - Tapped on element 'Object Repository/ingreso/android.widget.Button - Continuar'

2023-06-20 11:31:05 - [TEST_STEP][PASSED] - setText(findTestObject("Object Repository/ingreso/android.widget.EditText - Apodo"), "libre024", 0): Text 'libre024' has been set to element 'Object Repository/ingreso/android.widget.EditText - Apodo'

2023-06-20 11:31:05 - [MESSAGE][WARNING] - Timeout '0' is invalid. Using default page load timeout: '30'

2023-06-20 11:31:10 - [MESSAGE][PASSED] - Text 'libre024' has been set to element 'Object Repository/ingreso/android.widget.EditText - Apodo'

2023-06-20 11:31:10 - [TEST_STEP][PASSED] - tap(findTestObject("Object Repository/ingreso/android.widget.Button - Siguiente"), 0): Tapped on element 'Object Repository/ingreso/android.widget.Button - Siguiente'

2023-06-20 11:31:10 - [MESSAGE][WARNING] - Timeout '0' is invalid. Using default page load timeout: '30'

2023-06-20 11:31:11 - [MESSAGE][PASSED] - Tapped on element 'Object Repository/ingreso/android.widget.Button - Siguiente'

2023-06-20 11:31:11 - [TEST_STEP][PASSED] - setText(findTestObject("Object Repository/ingreso/android.widget.EditText - Pin de Acceso"), "0000", 0): Text '0000' has been set to element 'Object Repository/ingreso/android.widget.EditText - Pin de Acceso'

2023-06-20 11:31:11 - [MESSAGE][WARNING] - Timeout '0' is invalid. Using default page load timeout: '30'

2023-06-20 11:31:15 - [MESSAGE][PASSED] - Text '0000' has been set to element 'Object Repository/ingreso/android.widget.EditText - Pin de Acceso'

2023-06-20 11:31:15 - [TEST_STEP][PASSED] - setText(findTestObject("Object Repository/ingreso/android.widget.EditText - Confirmar nuevo pin de acceso"), "0000", 0): Text '0000' has been set to element 'Object Repository/ingreso/android.widget.EditText - Confirmar nuevo pin de acceso'

2023-06-20 11:31:15 - [MESSAGE][WARNING] - Timeout '0' is invalid. Using default page load timeout: '30'

2023-06-20 11:31:17 - [MESSAGE][PASSED] - Text '0000' has been set to element 'Object Repository/ingreso/android.widget.EditText - Confirmar nuevo pin de acceso'

2023-06-20 11:31:17 - [TEST_STEP][PASSED] - tap(findTestObject("Object Repository/ingreso/android.widget.Button - Crear Cuenta (1)"), 0): Tapped on element 'Object Repository/ingreso/android.widget.Button - Crear Cuenta (1)'

2023-06-20 11:31:17 - [MESSAGE][WARNING] - Timeout '0' is invalid. Using default page load timeout: '30'

2023-06-20 11:31:18 - [MESSAGE][PASSED] - Tapped on element 'Object Repository/ingreso/android.widget.Button - Crear Cuenta (1)']]></system-out>
         <system-err><![CDATA[]]></system-err>
      </testcase>
      <testcase name="Test Cases/CPN250" time="17.386" classname="Test Cases/CPN250" status="PASSED">
         <system-out><![CDATA[2023-06-20 11:31:18 - [TEST_CASE][PASSED] - Test Cases/CPN250: Test Cases/CPN250

2023-06-20 11:31:18 - [TEST_STEP][PASSED] - tap(findTestObject("Object Repository/CPN250/android.widget.ImageView"), 1): Tapped on element 'Object Repository/CPN250/android.widget.ImageView'

2023-06-20 11:31:21 - [MESSAGE][PASSED] - Tapped on element 'Object Repository/CPN250/android.widget.ImageView'

2023-06-20 11:31:21 - [TEST_STEP][PASSED] - tap(findTestObject("Object Repository/CPN250/android.widget.ImageView (1)"), 1): Tapped on element 'Object Repository/CPN250/android.widget.ImageView (1)'

2023-06-20 11:31:23 - [MESSAGE][PASSED] - Tapped on element 'Object Repository/CPN250/android.widget.ImageView (1)'

2023-06-20 11:31:23 - [TEST_STEP][PASSED] - tap(findTestObject("Object Repository/CPN250/android.widget.ImageButton"), 1): Tapped on element 'Object Repository/CPN250/android.widget.ImageButton'

2023-06-20 11:31:25 - [MESSAGE][PASSED] - Tapped on element 'Object Repository/CPN250/android.widget.ImageButton'

2023-06-20 11:31:25 - [TEST_STEP][PASSED] - tap(findTestObject("Object Repository/CPN250/android.widget.EditText - Mensaje"), 1): Tapped on element 'Object Repository/CPN250/android.widget.EditText - Mensaje'

2023-06-20 11:31:27 - [MESSAGE][PASSED] - Tapped on element 'Object Repository/CPN250/android.widget.EditText - Mensaje'

2023-06-20 11:31:27 - [TEST_STEP][PASSED] - setText(findTestObject("Object Repository/CPN250/android.widget.EditText - Mensaje (1)"), "Mensaje de prueba mayor de 20 caracteres", 0): Text 'Mensaje de prueba mayor de 20 caracteres' has been set to element 'Object Repository/CPN250/android.widget.EditText - Mensaje (1)'

2023-06-20 11:31:27 - [MESSAGE][WARNING] - Timeout '0' is invalid. Using default page load timeout: '30'

2023-06-20 11:31:30 - [MESSAGE][PASSED] - Text 'Mensaje de prueba mayor de 20 caracteres' has been set to element 'Object Repository/CPN250/android.widget.EditText - Mensaje (1)'

2023-06-20 11:31:30 - [TEST_STEP][PASSED] - hideKeyboard(): Keyboard is hidden

2023-06-20 11:31:33 - [MESSAGE][PASSED] - Keyboard is hidden

2023-06-20 11:31:33 - [TEST_STEP][PASSED] - tap(findTestObject("Object Repository/CPN250/android.widget.Button - Enviar"), 1): Tapped on element 'Object Repository/CPN250/android.widget.Button - Enviar'

2023-06-20 11:31:33 - [MESSAGE][PASSED] - Tapped on element 'Object Repository/CPN250/android.widget.Button - Enviar'

2023-06-20 11:31:33 - [TEST_STEP][PASSED] - verifyElementText(findTestObject("Object Repository/CPN250/android.widget.TextView - T solicitud ha sido envida satisfactoriamente"), "Tú solicitud ha sido envida satisfactoriamente"): Actual text and expected text of test object 'Object Repository/CPN250/android.widget.TextView - T solicitud ha sido envida satisfactoriamente' are matched.

2023-06-20 11:31:34 - [MESSAGE][PASSED] - Actual text and expected text of test object 'Object Repository/CPN250/android.widget.TextView - T solicitud ha sido envida satisfactoriamente' are matched.

2023-06-20 11:31:34 - [TEST_STEP][PASSED] - tap(findTestObject("Object Repository/CPN250/android.widget.Button - OK"), 1): Tapped on element 'Object Repository/CPN250/android.widget.Button - OK'

2023-06-20 11:31:35 - [MESSAGE][PASSED] - Tapped on element 'Object Repository/CPN250/android.widget.Button - OK']]></system-out>
         <system-err><![CDATA[]]></system-err>
      </testcase>
      <testcase name="Test Cases/CPN251" time="10.129" classname="Test Cases/CPN251" status="PASSED">
         <system-out><![CDATA[2023-06-20 11:31:35 - [TEST_CASE][PASSED] - Test Cases/CPN251: Test Cases/CPN251

2023-06-20 11:31:36 - [TEST_STEP][PASSED] - verifyElementVisible(findTestObject("Object Repository/CPN251/android.view.ViewGroup"), 0): Element 'Object Repository/CPN251/android.view.ViewGroup' is visible

2023-06-20 11:31:36 - [MESSAGE][WARNING] - Timeout '0' is invalid. Using default page load timeout: '30'

2023-06-20 11:31:36 - [MESSAGE][PASSED] - Element 'Object Repository/CPN251/android.view.ViewGroup' is visible

2023-06-20 11:31:36 - [TEST_STEP][PASSED] - tap(findTestObject("Object Repository/CPN251/android.widget.TextView - Reportar un problema"), 1): Tapped on element 'Object Repository/CPN251/android.widget.TextView - Reportar un problema'

2023-06-20 11:31:36 - [MESSAGE][PASSED] - Tapped on element 'Object Repository/CPN251/android.widget.TextView - Reportar un problema'

2023-06-20 11:31:36 - [TEST_STEP][PASSED] - tap(findTestObject("Object Repository/CPN251/android.widget.TextView - Comentario"), 1): Tapped on element 'Object Repository/CPN251/android.widget.TextView - Comentario'

2023-06-20 11:31:38 - [MESSAGE][PASSED] - Tapped on element 'Object Repository/CPN251/android.widget.TextView - Comentario'

2023-06-20 11:31:38 - [TEST_STEP][PASSED] - tap(findTestObject("Object Repository/CPN251/android.widget.EditText - Mensaje"), 1): Tapped on element 'Object Repository/CPN251/android.widget.EditText - Mensaje'

2023-06-20 11:31:40 - [MESSAGE][PASSED] - Tapped on element 'Object Repository/CPN251/android.widget.EditText - Mensaje'

2023-06-20 11:31:40 - [TEST_STEP][PASSED] - setText(findTestObject("Object Repository/CPN251/android.widget.EditText - Mensaje (1)"), "Comentario de prueba para App NN CHAT", 0): Text 'Comentario de prueba para App NN CHAT' has been set to element 'Object Repository/CPN251/android.widget.EditText - Mensaje (1)'

2023-06-20 11:31:40 - [MESSAGE][WARNING] - Timeout '0' is invalid. Using default page load timeout: '30'

2023-06-20 11:31:41 - [MESSAGE][PASSED] - Text 'Comentario de prueba para App NN CHAT' has been set to element 'Object Repository/CPN251/android.widget.EditText - Mensaje (1)'

2023-06-20 11:31:41 - [TEST_STEP][PASSED] - hideKeyboard(): Keyboard is hidden

2023-06-20 11:31:43 - [MESSAGE][PASSED] - Keyboard is hidden

2023-06-20 11:31:43 - [TEST_STEP][PASSED] - tap(findTestObject("Object Repository/CPN251/android.widget.Button - Enviar"), 1): Tapped on element 'Object Repository/CPN251/android.widget.Button - Enviar'

2023-06-20 11:31:44 - [MESSAGE][PASSED] - Tapped on element 'Object Repository/CPN251/android.widget.Button - Enviar'

2023-06-20 11:31:44 - [TEST_STEP][PASSED] - verifyElementText(findTestObject("Object Repository/CPN251/android.widget.TextView - T solicitud ha sido envida satisfactoriamente"), "Tú solicitud ha sido envida satisfactoriamente"): Actual text and expected text of test object 'Object Repository/CPN251/android.widget.TextView - T solicitud ha sido envida satisfactoriamente' are matched.

2023-06-20 11:31:45 - [MESSAGE][PASSED] - Actual text and expected text of test object 'Object Repository/CPN251/android.widget.TextView - T solicitud ha sido envida satisfactoriamente' are matched.

2023-06-20 11:31:45 - [TEST_STEP][PASSED] - tap(findTestObject("Object Repository/CPN251/android.widget.Button - OK"), 1): Tapped on element 'Object Repository/CPN251/android.widget.Button - OK'

2023-06-20 11:31:46 - [MESSAGE][PASSED] - Tapped on element 'Object Repository/CPN251/android.widget.Button - OK']]></system-out>
         <system-err><![CDATA[]]></system-err>
      </testcase>
      <testcase name="Test Cases/CPN252" time="8.447" classname="Test Cases/CPN252" status="PASSED">
         <system-out><![CDATA[2023-06-20 11:31:46 - [TEST_CASE][PASSED] - Test Cases/CPN252: Test Cases/CPN252

2023-06-20 11:31:46 - [TEST_STEP][PASSED] - tap(findTestObject("Object Repository/CPN252/android.widget.TextView - Reportar un problema"), 0): Tapped on element 'Object Repository/CPN252/android.widget.TextView - Reportar un problema'

2023-06-20 11:31:46 - [MESSAGE][WARNING] - Timeout '0' is invalid. Using default page load timeout: '30'

2023-06-20 11:31:46 - [MESSAGE][PASSED] - Tapped on element 'Object Repository/CPN252/android.widget.TextView - Reportar un problema'

2023-06-20 11:31:46 - [TEST_STEP][PASSED] - tap(findTestObject("Object Repository/CPN252/android.widget.TextView - Sugerencia"), 0): Tapped on element 'Object Repository/CPN252/android.widget.TextView - Sugerencia'

2023-06-20 11:31:46 - [MESSAGE][WARNING] - Timeout '0' is invalid. Using default page load timeout: '30'

2023-06-20 11:31:48 - [MESSAGE][PASSED] - Tapped on element 'Object Repository/CPN252/android.widget.TextView - Sugerencia'

2023-06-20 11:31:48 - [TEST_STEP][PASSED] - tap(findTestObject("Object Repository/CPN252/android.widget.EditText - Mensaje"), 0): Tapped on element 'Object Repository/CPN252/android.widget.EditText - Mensaje'

2023-06-20 11:31:48 - [MESSAGE][WARNING] - Timeout '0' is invalid. Using default page load timeout: '30'

2023-06-20 11:31:49 - [MESSAGE][PASSED] - Tapped on element 'Object Repository/CPN252/android.widget.EditText - Mensaje'

2023-06-20 11:31:49 - [TEST_STEP][PASSED] - setText(findTestObject("Object Repository/CPN252/android.widget.EditText - Mensaje (1)"), "Sugerencia de prueba App NN Chat", 0): Text 'Sugerencia de prueba App NN Chat' has been set to element 'Object Repository/CPN252/android.widget.EditText - Mensaje (1)'

2023-06-20 11:31:49 - [MESSAGE][WARNING] - Timeout '0' is invalid. Using default page load timeout: '30'

2023-06-20 11:31:51 - [MESSAGE][PASSED] - Text 'Sugerencia de prueba App NN Chat' has been set to element 'Object Repository/CPN252/android.widget.EditText - Mensaje (1)'

2023-06-20 11:31:51 - [TEST_STEP][PASSED] - tap(findTestObject("Object Repository/CPN252/android.widget.Button - Enviar"), 0): Tapped on element 'Object Repository/CPN252/android.widget.Button - Enviar'

2023-06-20 11:31:51 - [MESSAGE][WARNING] - Timeout '0' is invalid. Using default page load timeout: '30'

2023-06-20 11:31:52 - [MESSAGE][PASSED] - Tapped on element 'Object Repository/CPN252/android.widget.Button - Enviar'

2023-06-20 11:31:52 - [TEST_STEP][PASSED] - verifyElementText(findTestObject("Object Repository/CPN252/android.widget.TextView - T solicitud ha sido envida satisfactoriamente"), "Tú solicitud ha sido envida satisfactoriamente"): Actual text and expected text of test object 'Object Repository/CPN252/android.widget.TextView - T solicitud ha sido envida satisfactoriamente' are matched.

2023-06-20 11:31:54 - [MESSAGE][PASSED] - Actual text and expected text of test object 'Object Repository/CPN252/android.widget.TextView - T solicitud ha sido envida satisfactoriamente' are matched.

2023-06-20 11:31:54 - [TEST_STEP][PASSED] - tap(findTestObject("Object Repository/CPN252/android.widget.Button - OK"), 0): Tapped on element 'Object Repository/CPN252/android.widget.Button - OK'

2023-06-20 11:31:54 - [MESSAGE][WARNING] - Timeout '0' is invalid. Using default page load timeout: '30'

2023-06-20 11:31:54 - [MESSAGE][PASSED] - Tapped on element 'Object Repository/CPN252/android.widget.Button - OK']]></system-out>
         <system-err><![CDATA[]]></system-err>
      </testcase>
      <testcase name="Test Cases/CPN253" time="8.47" classname="Test Cases/CPN253" status="PASSED">
         <system-out><![CDATA[2023-06-20 11:31:54 - [TEST_CASE][PASSED] - Test Cases/CPN253: Test Cases/CPN253

2023-06-20 11:31:54 - [TEST_STEP][PASSED] - tap(findTestObject("Object Repository/CPN253/android.widget.EditText - Mensaje"), 0): Tapped on element 'Object Repository/CPN253/android.widget.EditText - Mensaje'

2023-06-20 11:31:54 - [MESSAGE][WARNING] - Timeout '0' is invalid. Using default page load timeout: '30'

2023-06-20 11:31:55 - [MESSAGE][PASSED] - Tapped on element 'Object Repository/CPN253/android.widget.EditText - Mensaje'

2023-06-20 11:31:55 - [TEST_STEP][PASSED] - setText(findTestObject("Object Repository/CPN253/android.widget.EditText - Mensaje (1)"), "Doce caracteres", 0): Text 'Doce caracteres' has been set to element 'Object Repository/CPN253/android.widget.EditText - Mensaje (1)'

2023-06-20 11:31:55 - [MESSAGE][WARNING] - Timeout '0' is invalid. Using default page load timeout: '30'

2023-06-20 11:31:58 - [MESSAGE][PASSED] - Text 'Doce caracteres' has been set to element 'Object Repository/CPN253/android.widget.EditText - Mensaje (1)'

2023-06-20 11:31:58 - [TEST_STEP][PASSED] - hideKeyboard(): Keyboard is hidden

2023-06-20 11:31:59 - [MESSAGE][PASSED] - Keyboard is hidden

2023-06-20 11:31:59 - [TEST_STEP][PASSED] - verifyElementVisible(findTestObject("Object Repository/CPN253/android.widget.ImageButton"), 0): Element 'Object Repository/CPN253/android.widget.ImageButton' is visible

2023-06-20 11:32:00 - [MESSAGE][WARNING] - Timeout '0' is invalid. Using default page load timeout: '30'

2023-06-20 11:32:00 - [MESSAGE][PASSED] - Element 'Object Repository/CPN253/android.widget.ImageButton' is visible

2023-06-20 11:32:00 - [TEST_STEP][PASSED] - verifyElementText(findTestObject("Object Repository/CPN253/android.widget.TextView - Mnimo 20 caracteres"), "Mínimo 20 caracteres"): Actual text and expected text of test object 'Object Repository/CPN253/android.widget.TextView - Mnimo 20 caracteres' are matched.

2023-06-20 11:32:00 - [MESSAGE][PASSED] - Actual text and expected text of test object 'Object Repository/CPN253/android.widget.TextView - Mnimo 20 caracteres' are matched.

2023-06-20 11:32:00 - [TEST_STEP][PASSED] - tap(findTestObject("Object Repository/CPN253/android.widget.Button - Enviar"), 0): Tapped on element 'Object Repository/CPN253/android.widget.Button - Enviar'

2023-06-20 11:32:00 - [MESSAGE][WARNING] - Timeout '0' is invalid. Using default page load timeout: '30'

2023-06-20 11:32:00 - [MESSAGE][PASSED] - Tapped on element 'Object Repository/CPN253/android.widget.Button - Enviar'

2023-06-20 11:32:00 - [TEST_STEP][PASSED] - tap(findTestObject("Object Repository/CPN253/android.widget.ImageButton (1)"), 0): Tapped on element 'Object Repository/CPN253/android.widget.ImageButton (1)'

2023-06-20 11:32:00 - [MESSAGE][WARNING] - Timeout '0' is invalid. Using default page load timeout: '30'

2023-06-20 11:32:01 - [MESSAGE][PASSED] - Tapped on element 'Object Repository/CPN253/android.widget.ImageButton (1)'

2023-06-20 11:32:01 - [TEST_STEP][PASSED] - tap(findTestObject("CPN253/android.widget.ImageButton (1)"), 0): Tapped on element 'Object Repository/CPN253/android.widget.ImageButton (1)'

2023-06-20 11:32:01 - [MESSAGE][WARNING] - Timeout '0' is invalid. Using default page load timeout: '30'

2023-06-20 11:32:01 - [MESSAGE][PASSED] - Tapped on element 'Object Repository/CPN253/android.widget.ImageButton (1)'

2023-06-20 11:32:01 - [TEST_STEP][PASSED] - tap(findTestObject("Object Repository/CPN253/android.widget.ImageView"), 0): Tapped on element 'Object Repository/CPN253/android.widget.ImageView'

2023-06-20 11:32:01 - [MESSAGE][WARNING] - Timeout '0' is invalid. Using default page load timeout: '30'

2023-06-20 11:32:02 - [MESSAGE][PASSED] - Tapped on element 'Object Repository/CPN253/android.widget.ImageView']]></system-out>
         <system-err><![CDATA[]]></system-err>
      </testcase>
      <testcase name="Test Cases/CPN254" time="32.621" classname="Test Cases/CPN254" status="PASSED">
         <system-out><![CDATA[2023-06-20 11:32:02 - [TEST_CASE][PASSED] - Test Cases/CPN254: Test Cases/CPN254

2023-06-20 11:32:03 - [TEST_STEP][PASSED] - tap(findTestObject("Object Repository/CPN254/android.widget.FrameLayout"), 0): Tapped on element 'Object Repository/CPN254/android.widget.FrameLayout'

2023-06-20 11:32:03 - [MESSAGE][WARNING] - Timeout '0' is invalid. Using default page load timeout: '30'

2023-06-20 11:32:04 - [MESSAGE][PASSED] - Tapped on element 'Object Repository/CPN254/android.widget.FrameLayout'

2023-06-20 11:32:04 - [TEST_STEP][PASSED] - tap(findTestObject("Object Repository/CPN254/android.widget.ImageView"), 0): Tapped on element 'Object Repository/CPN254/android.widget.ImageView'

2023-06-20 11:32:04 - [MESSAGE][WARNING] - Timeout '0' is invalid. Using default page load timeout: '30'

2023-06-20 11:32:05 - [MESSAGE][PASSED] - Tapped on element 'Object Repository/CPN254/android.widget.ImageView'

2023-06-20 11:32:05 - [TEST_STEP][PASSED] - tap(findTestObject("Object Repository/CPN254/android.widget.ImageView (1)"), 0): Tapped on element 'Object Repository/CPN254/android.widget.ImageView (1)'

2023-06-20 11:32:05 - [MESSAGE][WARNING] - Timeout '0' is invalid. Using default page load timeout: '30'

2023-06-20 11:32:06 - [MESSAGE][PASSED] - Tapped on element 'Object Repository/CPN254/android.widget.ImageView (1)'

2023-06-20 11:32:06 - [TEST_STEP][PASSED] - tap(findTestObject("Object Repository/CPN254/android.widget.ImageButton"), 0): Tapped on element 'Object Repository/CPN254/android.widget.ImageButton'

2023-06-20 11:32:06 - [MESSAGE][WARNING] - Timeout '0' is invalid. Using default page load timeout: '30'

2023-06-20 11:32:07 - [MESSAGE][PASSED] - Tapped on element 'Object Repository/CPN254/android.widget.ImageButton'

2023-06-20 11:32:07 - [TEST_STEP][PASSED] - delay(5, CONTINUE_ON_FAILURE): Delayed 5 second(s)

2023-06-20 11:32:12 - [MESSAGE][PASSED] - Delayed 5 second(s)

2023-06-20 11:32:12 - [TEST_STEP][PASSED] - scrollToText("adjuntos"): Scrolling to text 'adjuntos' successfully

2023-06-20 11:32:18 - [MESSAGE][PASSED] - Scrolling to text 'adjuntos' successfully

2023-06-20 11:32:18 - [TEST_STEP][PASSED] - pressBack(): Press back button successfully

2023-06-20 11:32:18 - [MESSAGE][PASSED] - Press back button successfully

2023-06-20 11:32:18 - [TEST_STEP][PASSED] - tap(findTestObject("Object Repository/CPN254/android.widget.ImageButton (1)"), 0): Tapped on element 'Object Repository/CPN254/android.widget.ImageButton (1)'

2023-06-20 11:32:18 - [MESSAGE][WARNING] - Timeout '0' is invalid. Using default page load timeout: '30'

2023-06-20 11:32:19 - [MESSAGE][PASSED] - Tapped on element 'Object Repository/CPN254/android.widget.ImageButton (1)'

2023-06-20 11:32:19 - [TEST_STEP][PASSED] - delay(5, CONTINUE_ON_FAILURE): Delayed 5 second(s)

2023-06-20 11:32:24 - [MESSAGE][PASSED] - Delayed 5 second(s)

2023-06-20 11:32:24 - [TEST_STEP][PASSED] - scrollToText("Acerca de nuestra aplicación"): Scrolling to text 'Acerca de nuestra aplicación' successfully

2023-06-20 11:32:30 - [MESSAGE][PASSED] - Scrolling to text 'Acerca de nuestra aplicación' successfully

2023-06-20 11:32:30 - [TEST_STEP][PASSED] - pressBack(): Press back button successfully

2023-06-20 11:32:30 - [MESSAGE][PASSED] - Press back button successfully

2023-06-20 11:32:30 - [TEST_STEP][PASSED] - delay(5, STOP_ON_FAILURE): Delayed 5 second(s)

2023-06-20 11:32:35 - [MESSAGE][PASSED] - Delayed 5 second(s)]]></system-out>
         <system-err><![CDATA[]]></system-err>
      </testcase>
      <system-out><![CDATA[2023-06-20 11:30:15 - [TEST_SUITE][PASSED] - pERFILPROPIO: Test Cases/CPN254]]></system-out>
      <system-err><![CDATA[]]></system-err>
   </testsuite>
</testsuites>
