<?xml version="1.0" encoding="UTF-8"?>
<testsuites name="PRUEBA-CPN105.1" time="669.766" tests="27" failures="1" errors="0">
   <testsuite name="PRUEBA-CPN105.1" tests="27" failures="1" errors="0" time="669.766" skipped="0" timestamp="2023-06-07 12:00:45" hostname="Testing - DESKTOP-OBIGNLU" id="Test Suites/PRUEBA-CPN105.1">
      <properties>
         <property name="deviceName" value="samsung SM-A107M (Android 11)"/>
         <property name="devicePlatform" value=""/>
         <property name="logFolder" value="C:\\Users\\Testing\\Katalon Studio\\NN_Version2\\Reports\\20230607_120038\\PRUEBA-CPN105.1\\20230607_120038"/>
         <property name="logFiles" value="C:\\Users\\Testing\\Katalon Studio\\NN_Version2\\Reports\\20230607_120038\\PRUEBA-CPN105.1\\20230607_120038\\appium.log, C:\\Users\\Testing\\Katalon Studio\\NN_Version2\\Reports\\20230607_120038\\PRUEBA-CPN105.1\\20230607_120038\\execution0.log"/>
         <property name="attachments" value="C:\\Users\\Testing\\Katalon Studio\\NN_Version2\\Reports\\20230607_120038\\PRUEBA-CPN105.1\\20230607_120038\\1686157755336.png"/>
         <property name="hostName" value="Testing - DESKTOP-OBIGNLU"/>
         <property name="os" value="Windows 10 64bit"/>
         <property name="appiumServerStatus" value="{&quot;value&quot;:{&quot;build&quot;:{&quot;version&quot;:&quot;1.22.3&quot;}},&quot;sessionId&quot;:null,&quot;status&quot;:0}"/>
         <property name="katalonVersion" value="8.5.5.208"/>
         <property name="deviceOS" value="Android"/>
         <property name="appiumVersion" value="1.22.3"/>
         <property name="deviceModel" value="SM-A107M"/>
         <property name="hostAddress" value="192.168.1.6"/>
         <property name="deviceManufacturer" value="samsung"/>
         <property name="deviceId" value="R9WN40KBXDJ"/>
         <property name="deviceName" value="samsung SM-A107M (Android 11)"/>
         <property name="deviceOSVersion" value="11"/>
      </properties>
      <testcase name="Test Cases/CPNTUTORIAL/CPNTUTORIAL" time="47.114" classname="Test Cases/CPNTUTORIAL/CPNTUTORIAL" status="PASSED">
         <system-out><![CDATA[2023-06-07 12:00:45 - [TEST_CASE][PASSED] - Test Cases/CPNTUTORIAL/CPNTUTORIAL: Test Cases/CPNTUTORIAL/CPNTUTORIAL

2023-06-07 12:00:46 - [TEST_STEP][PASSED] - startApplication("C:\Users\Testing\Desktop\katalon\APK SERVIDOR NUEVO\NapoleoN.apk", true): Started app at: 'C:\Users\Testing\Desktop\katalon\APK SERVIDOR NUEVO\NapoleoN.apk'

2023-06-07 12:00:46 - [MESSAGE][INFO] - Detected NodeJS location: "C:\Program Files\nodejs\node.exe"

2023-06-07 12:00:48 - [MESSAGE][INFO] - Appium server started on port 54.544

2023-06-07 12:01:22 - [MESSAGE][PASSED] - Started app at: 'C:\Users\Testing\Desktop\katalon\APK SERVIDOR NUEVO\NapoleoN.apk'

2023-06-07 12:01:22 - [TEST_STEP][PASSED] - verifyElementText(findTestObject("Object Repository/CPNTUTORIAL/android.widget.FrameLayout (1)"), ""): Actual text and expected text of test object 'Object Repository/CPNTUTORIAL/android.widget.FrameLayout (1)' are matched.

2023-06-07 12:01:24 - [MESSAGE][PASSED] - Actual text and expected text of test object 'Object Repository/CPNTUTORIAL/android.widget.FrameLayout (1)' are matched.

2023-06-07 12:01:24 - [TEST_STEP][PASSED] - tap(findTestObject("Object Repository/CPNTUTORIAL/android.widget.TextView - Omitir"), 0): Tapped on element 'Object Repository/CPNTUTORIAL/android.widget.TextView - Omitir'

2023-06-07 12:01:24 - [MESSAGE][WARNING] - Timeout '0' is invalid. Using default page load timeout: '30'

2023-06-07 12:01:24 - [MESSAGE][PASSED] - Tapped on element 'Object Repository/CPNTUTORIAL/android.widget.TextView - Omitir'

2023-06-07 12:01:24 - [TEST_STEP][PASSED] - pressBack(): Press back button successfully

2023-06-07 12:01:25 - [MESSAGE][PASSED] - Press back button successfully

2023-06-07 12:01:25 - [TEST_STEP][PASSED] - toggleWifi("ON", STOP_ON_FAILURE): Toggled wifi

2023-06-07 12:01:26 - [MESSAGE][PASSED] - Toggled wifi

2023-06-07 12:01:26 - [TEST_STEP][PASSED] - tap(findTestObject("Object Repository/CPNTUTORIAL/android.widget.TextView - Siguiente"), 0): Tapped on element 'Object Repository/CPNTUTORIAL/android.widget.TextView - Siguiente'

2023-06-07 12:01:26 - [MESSAGE][WARNING] - Timeout '0' is invalid. Using default page load timeout: '30'

2023-06-07 12:01:26 - [MESSAGE][PASSED] - Tapped on element 'Object Repository/CPNTUTORIAL/android.widget.TextView - Siguiente'

2023-06-07 12:01:26 - [TEST_STEP][PASSED] - verifyElementText(findTestObject("CPNTUTORIAL/android.widget.FrameLayout"), ""): Actual text and expected text of test object 'Object Repository/CPNTUTORIAL/android.widget.FrameLayout' are matched.

2023-06-07 12:01:27 - [MESSAGE][PASSED] - Actual text and expected text of test object 'Object Repository/CPNTUTORIAL/android.widget.FrameLayout' are matched.

2023-06-07 12:01:27 - [TEST_STEP][PASSED] - tap(findTestObject("Object Repository/CPNTUTORIAL/android.widget.TextView - Siguiente (1)"), 0): Tapped on element 'Object Repository/CPNTUTORIAL/android.widget.TextView - Siguiente (1)'

2023-06-07 12:01:27 - [MESSAGE][WARNING] - Timeout '0' is invalid. Using default page load timeout: '30'

2023-06-07 12:01:28 - [MESSAGE][PASSED] - Tapped on element 'Object Repository/CPNTUTORIAL/android.widget.TextView - Siguiente (1)'

2023-06-07 12:01:28 - [TEST_STEP][PASSED] - verifyElementText(findTestObject("CPNTUTORIAL/android.widget.FrameLayout"), ""): Actual text and expected text of test object 'Object Repository/CPNTUTORIAL/android.widget.FrameLayout' are matched.

2023-06-07 12:01:29 - [MESSAGE][PASSED] - Actual text and expected text of test object 'Object Repository/CPNTUTORIAL/android.widget.FrameLayout' are matched.

2023-06-07 12:01:29 - [TEST_STEP][PASSED] - tap(findTestObject("CPNTUTORIAL/android.widget.TextView - Siguiente (1)"), 0): Tapped on element 'Object Repository/CPNTUTORIAL/android.widget.TextView - Siguiente (1)'

2023-06-07 12:01:29 - [MESSAGE][WARNING] - Timeout '0' is invalid. Using default page load timeout: '30'

2023-06-07 12:01:29 - [MESSAGE][PASSED] - Tapped on element 'Object Repository/CPNTUTORIAL/android.widget.TextView - Siguiente (1)'

2023-06-07 12:01:29 - [TEST_STEP][PASSED] - tap(findTestObject("CPNTUTORIAL/android.widget.TextView - Siguiente (1)"), 0): Tapped on element 'Object Repository/CPNTUTORIAL/android.widget.TextView - Siguiente (1)'

2023-06-07 12:01:29 - [MESSAGE][WARNING] - Timeout '0' is invalid. Using default page load timeout: '30'

2023-06-07 12:01:31 - [MESSAGE][PASSED] - Tapped on element 'Object Repository/CPNTUTORIAL/android.widget.TextView - Siguiente (1)'

2023-06-07 12:01:31 - [TEST_STEP][PASSED] - verifyElementText(findTestObject("CPNTUTORIAL/android.widget.FrameLayout"), ""): Actual text and expected text of test object 'Object Repository/CPNTUTORIAL/android.widget.FrameLayout' are matched.

2023-06-07 12:01:31 - [MESSAGE][PASSED] - Actual text and expected text of test object 'Object Repository/CPNTUTORIAL/android.widget.FrameLayout' are matched.

2023-06-07 12:01:31 - [TEST_STEP][PASSED] - tap(findTestObject("CPNTUTORIAL/android.widget.TextView - Siguiente (1)"), 0): Tapped on element 'Object Repository/CPNTUTORIAL/android.widget.TextView - Siguiente (1)'

2023-06-07 12:01:31 - [MESSAGE][WARNING] - Timeout '0' is invalid. Using default page load timeout: '30'

2023-06-07 12:01:31 - [MESSAGE][PASSED] - Tapped on element 'Object Repository/CPNTUTORIAL/android.widget.TextView - Siguiente (1)'

2023-06-07 12:01:31 - [TEST_STEP][PASSED] - verifyElementText(findTestObject("CPNTUTORIAL/android.widget.FrameLayout"), ""): Actual text and expected text of test object 'Object Repository/CPNTUTORIAL/android.widget.FrameLayout' are matched.

2023-06-07 12:01:32 - [MESSAGE][PASSED] - Actual text and expected text of test object 'Object Repository/CPNTUTORIAL/android.widget.FrameLayout' are matched.

2023-06-07 12:01:32 - [TEST_STEP][PASSED] - tap(findTestObject("Object Repository/CPNTUTORIAL/android.widget.TextView - Empezar"), 0): Tapped on element 'Object Repository/CPNTUTORIAL/android.widget.TextView - Empezar'

2023-06-07 12:01:32 - [MESSAGE][WARNING] - Timeout '0' is invalid. Using default page load timeout: '30'

2023-06-07 12:01:32 - [MESSAGE][PASSED] - Tapped on element 'Object Repository/CPNTUTORIAL/android.widget.TextView - Empezar']]></system-out>
         <system-err><![CDATA[]]></system-err>
      </testcase>
      <testcase name="Test Cases/Abrir_App/CPN1" time="6.807" classname="Test Cases/Abrir_App/CPN1" status="PASSED">
         <system-out><![CDATA[2023-06-07 12:01:32 - [TEST_CASE][PASSED] - Test Cases/Abrir_App/CPN1: Test Cases/Abrir_App/CPN1

2023-06-07 12:01:33 - [TEST_STEP][PASSED] - pressBack(): Press back button successfully

2023-06-07 12:01:33 - [MESSAGE][PASSED] - Press back button successfully

2023-06-07 12:01:33 - [TEST_STEP][PASSED] - pressBack(): Press back button successfully

2023-06-07 12:01:34 - [MESSAGE][PASSED] - Press back button successfully

2023-06-07 12:01:34 - [TEST_STEP][PASSED] - toggleWifi("OFF", STOP_ON_FAILURE): Toggled wifi

2023-06-07 12:01:35 - [MESSAGE][PASSED] - Toggled wifi

2023-06-07 12:01:35 - [TEST_STEP][PASSED] - tap(findTestObject("Object Repository/Abrir_App/CPN1/android.widget.TextView - NapoleoN"), 0): Tapped on element 'Object Repository/Abrir_App/CPN1/android.widget.TextView - NapoleoN'

2023-06-07 12:01:35 - [MESSAGE][WARNING] - Timeout '0' is invalid. Using default page load timeout: '30'

2023-06-07 12:01:36 - [MESSAGE][PASSED] - Tapped on element 'Object Repository/Abrir_App/CPN1/android.widget.TextView - NapoleoN'

2023-06-07 12:01:36 - [TEST_STEP][PASSED] - delay(2): Delayed 2 second(s)

2023-06-07 12:01:38 - [MESSAGE][PASSED] - Delayed 2 second(s)

2023-06-07 12:01:38 - [TEST_STEP][PASSED] - toggleWifi("ON", STOP_ON_FAILURE): Toggled wifi

2023-06-07 12:01:39 - [MESSAGE][PASSED] - Toggled wifi]]></system-out>
         <system-err><![CDATA[]]></system-err>
      </testcase>
      <testcase name="Test Cases/Abrir_App/CPN2" time="5.37" classname="Test Cases/Abrir_App/CPN2" status="PASSED">
         <system-out><![CDATA[2023-06-07 12:01:39 - [TEST_CASE][PASSED] - Test Cases/Abrir_App/CPN2: Test Cases/Abrir_App/CPN2

2023-06-07 12:01:39 - [TEST_STEP][PASSED] - pressBack(): Press back button successfully

2023-06-07 12:01:40 - [MESSAGE][PASSED] - Press back button successfully

2023-06-07 12:01:40 - [TEST_STEP][PASSED] - pressBack(): Press back button successfully

2023-06-07 12:01:41 - [MESSAGE][PASSED] - Press back button successfully

2023-06-07 12:01:41 - [TEST_STEP][PASSED] - tap(findTestObject("Object Repository/CPN2/android.widget.TextView - NapoleoN"), 0): Tapped on element 'Object Repository/CPN2/android.widget.TextView - NapoleoN'

2023-06-07 12:01:41 - [MESSAGE][WARNING] - Timeout '0' is invalid. Using default page load timeout: '30'

2023-06-07 12:01:41 - [MESSAGE][PASSED] - Tapped on element 'Object Repository/CPN2/android.widget.TextView - NapoleoN'

2023-06-07 12:01:41 - [TEST_STEP][PASSED] - toggleWifi("off", STOP_ON_FAILURE): Toggled wifi

2023-06-07 12:01:43 - [MESSAGE][PASSED] - Toggled wifi

2023-06-07 12:01:43 - [TEST_STEP][PASSED] - delay(2, STOP_ON_FAILURE): Delayed 2 second(s)

2023-06-07 12:01:45 - [MESSAGE][PASSED] - Delayed 2 second(s)]]></system-out>
         <system-err><![CDATA[]]></system-err>
      </testcase>
      <testcase name="Test Cases/Abrir_App/CPN3" time="16.854" classname="Test Cases/Abrir_App/CPN3" status="PASSED">
         <system-out><![CDATA[2023-06-07 12:01:45 - [TEST_CASE][PASSED] - Test Cases/Abrir_App/CPN3: Test Cases/Abrir_App/CPN3

2023-06-07 12:01:45 - [TEST_STEP][PASSED] - pressBack(): Press back button successfully

2023-06-07 12:01:46 - [MESSAGE][PASSED] - Press back button successfully

2023-06-07 12:01:46 - [TEST_STEP][PASSED] - pressBack(): Press back button successfully

2023-06-07 12:01:46 - [MESSAGE][PASSED] - Press back button successfully

2023-06-07 12:01:46 - [TEST_STEP][PASSED] - toggleWifi("ON", STOP_ON_FAILURE): Toggled wifi

2023-06-07 12:01:47 - [MESSAGE][PASSED] - Toggled wifi

2023-06-07 12:01:47 - [TEST_STEP][PASSED] - delay(4): Delayed 4 second(s)

2023-06-07 12:01:51 - [MESSAGE][PASSED] - Delayed 4 second(s)

2023-06-07 12:01:51 - [TEST_STEP][PASSED] - toggleWifi("OFF", STOP_ON_FAILURE): Toggled wifi

2023-06-07 12:01:52 - [MESSAGE][PASSED] - Toggled wifi

2023-06-07 12:01:52 - [TEST_STEP][PASSED] - tap(findTestObject("Abrir_App/CPN1/android.widget.TextView - NapoleoN"), 0): Tapped on element 'Object Repository/Abrir_App/CPN1/android.widget.TextView - NapoleoN'

2023-06-07 12:01:52 - [MESSAGE][WARNING] - Timeout '0' is invalid. Using default page load timeout: '30'

2023-06-07 12:01:53 - [MESSAGE][PASSED] - Tapped on element 'Object Repository/Abrir_App/CPN1/android.widget.TextView - NapoleoN'

2023-06-07 12:01:53 - [TEST_STEP][PASSED] - tap(findTestObject("Abrir_App/CPN3/android.widget.Button - Crear Cuenta"), 0): Tapped on element 'Object Repository/Abrir_App/CPN3/android.widget.Button - Crear Cuenta'

2023-06-07 12:01:53 - [MESSAGE][WARNING] - Timeout '0' is invalid. Using default page load timeout: '30'

2023-06-07 12:01:54 - [MESSAGE][PASSED] - Tapped on element 'Object Repository/Abrir_App/CPN3/android.widget.Button - Crear Cuenta'

2023-06-07 12:01:54 - [TEST_STEP][PASSED] - delay(3): Delayed 3 second(s)

2023-06-07 12:01:57 - [MESSAGE][PASSED] - Delayed 3 second(s)

2023-06-07 12:01:57 - [TEST_STEP][PASSED] - tap(findTestObject("Object Repository/Abrir_App/CPN3/android.widget.Button - Enviar cdigo de registro"), 0): Tapped on element 'Object Repository/Abrir_App/CPN3/android.widget.Button - Enviar cdigo de registro'

2023-06-07 12:01:58 - [MESSAGE][WARNING] - Timeout '0' is invalid. Using default page load timeout: '30'

2023-06-07 12:01:58 - [MESSAGE][PASSED] - Tapped on element 'Object Repository/Abrir_App/CPN3/android.widget.Button - Enviar cdigo de registro'

2023-06-07 12:01:58 - [TEST_STEP][PASSED] - verifyElementVisible(findTestObject("Object Repository/Abrir_App/CPN3/android.widget.FrameLayout"), 0): Element 'Object Repository/Abrir_App/CPN3/android.widget.FrameLayout' is visible

2023-06-07 12:01:58 - [MESSAGE][WARNING] - Timeout '0' is invalid. Using default page load timeout: '30'

2023-06-07 12:02:00 - [MESSAGE][PASSED] - Element 'Object Repository/Abrir_App/CPN3/android.widget.FrameLayout' is visible

2023-06-07 12:02:00 - [TEST_STEP][PASSED] - tap(findTestObject("Object Repository/Abrir_App/CPN3/android.widget.Button - OK"), 0): Tapped on element 'Object Repository/Abrir_App/CPN3/android.widget.Button - OK'

2023-06-07 12:02:00 - [MESSAGE][WARNING] - Timeout '0' is invalid. Using default page load timeout: '30'

2023-06-07 12:02:01 - [MESSAGE][PASSED] - Tapped on element 'Object Repository/Abrir_App/CPN3/android.widget.Button - OK'

2023-06-07 12:02:01 - [TEST_STEP][PASSED] - toggleWifi("ON", STOP_ON_FAILURE): Toggled wifi

2023-06-07 12:02:01 - [MESSAGE][PASSED] - Toggled wifi]]></system-out>
         <system-err><![CDATA[]]></system-err>
      </testcase>
      <testcase name="Test Cases/INICIA_SESION_APODO_INEXISTENTE3.1/CPN21" time="24.8" classname="Test Cases/INICIA_SESION_APODO_INEXISTENTE3.1/CPN21" status="PASSED">
         <system-out><![CDATA[2023-06-07 12:02:01 - [TEST_CASE][PASSED] - Test Cases/INICIA_SESION_APODO_INEXISTENTE3.1/CPN21: Test Cases/INICIA_SESION_APODO_INEXISTENTE3.1/CPN21

2023-06-07 12:02:02 - [TEST_STEP][PASSED] - delay(2): Delayed 2 second(s)

2023-06-07 12:02:04 - [MESSAGE][PASSED] - Delayed 2 second(s)

2023-06-07 12:02:04 - [TEST_STEP][PASSED] - tap(findTestObject("Object Repository/INICIA_SESION_APODO_INEXISTENTE/CPN21/android.widget.ImageButton"), 0): Tapped on element 'Object Repository/INICIA_SESION_APODO_INEXISTENTE/CPN21/android.widget.ImageButton'

2023-06-07 12:02:04 - [MESSAGE][WARNING] - Timeout '0' is invalid. Using default page load timeout: '30'

2023-06-07 12:02:05 - [MESSAGE][PASSED] - Tapped on element 'Object Repository/INICIA_SESION_APODO_INEXISTENTE/CPN21/android.widget.ImageButton'

2023-06-07 12:02:05 - [TEST_STEP][PASSED] - tap(findTestObject("Object Repository/INICIA_SESION_APODO_INEXISTENTE/CPN21/android.widget.TextView - Iniciar sesin"), 0): Tapped on element 'Object Repository/INICIA_SESION_APODO_INEXISTENTE/CPN21/android.widget.TextView - Iniciar sesin'

2023-06-07 12:02:05 - [MESSAGE][WARNING] - Timeout '0' is invalid. Using default page load timeout: '30'

2023-06-07 12:02:06 - [MESSAGE][PASSED] - Tapped on element 'Object Repository/INICIA_SESION_APODO_INEXISTENTE/CPN21/android.widget.TextView - Iniciar sesin'

2023-06-07 12:02:06 - [TEST_STEP][PASSED] - verifyElementText(findTestObject("Object Repository/INICIA_SESION_APODO_INEXISTENTE/CPN21/android.widget.TextView - Recuperar Cuenta"), "Recuperar Cuenta"): Actual text and expected text of test object 'Object Repository/INICIA_SESION_APODO_INEXISTENTE/CPN21/android.widget.TextView - Recuperar Cuenta' are matched.

2023-06-07 12:02:07 - [MESSAGE][PASSED] - Actual text and expected text of test object 'Object Repository/INICIA_SESION_APODO_INEXISTENTE/CPN21/android.widget.TextView - Recuperar Cuenta' are matched.

2023-06-07 12:02:07 - [TEST_STEP][PASSED] - tap(findTestObject("Object Repository/INICIA_SESION_APODO_INEXISTENTE/CPN21/android.widget.EditText - Apodo"), 0): Tapped on element 'Object Repository/INICIA_SESION_APODO_INEXISTENTE/CPN21/android.widget.EditText - Apodo'

2023-06-07 12:02:07 - [MESSAGE][WARNING] - Timeout '0' is invalid. Using default page load timeout: '30'

2023-06-07 12:02:08 - [MESSAGE][PASSED] - Tapped on element 'Object Repository/INICIA_SESION_APODO_INEXISTENTE/CPN21/android.widget.EditText - Apodo'

2023-06-07 12:02:08 - [TEST_STEP][PASSED] - setText(findTestObject("Object Repository/INICIA_SESION_APODO_INEXISTENTE/CPN21/android.widget.EditText - Apodo (1)"), "AUTOMATIZACION", 0): Text 'AUTOMATIZACION' has been set to element 'Object Repository/INICIA_SESION_APODO_INEXISTENTE/CPN21/android.widget.EditText - Apodo (1)'

2023-06-07 12:02:08 - [MESSAGE][WARNING] - Timeout '0' is invalid. Using default page load timeout: '30'

2023-06-07 12:02:11 - [MESSAGE][PASSED] - Text 'AUTOMATIZACION' has been set to element 'Object Repository/INICIA_SESION_APODO_INEXISTENTE/CPN21/android.widget.EditText - Apodo (1)'

2023-06-07 12:02:11 - [TEST_STEP][PASSED] - hideKeyboard(): Keyboard is hidden

2023-06-07 12:02:13 - [MESSAGE][PASSED] - Keyboard is hidden

2023-06-07 12:02:13 - [TEST_STEP][PASSED] - tap(findTestObject("Object Repository/INICIA_SESION_APODO_INEXISTENTE/CPN21/android.widget.Button - Recuperar"), 0): Tapped on element 'Object Repository/INICIA_SESION_APODO_INEXISTENTE/CPN21/android.widget.Button - Recuperar'

2023-06-07 12:02:13 - [MESSAGE][WARNING] - Timeout '0' is invalid. Using default page load timeout: '30'

2023-06-07 12:02:13 - [MESSAGE][PASSED] - Tapped on element 'Object Repository/INICIA_SESION_APODO_INEXISTENTE/CPN21/android.widget.Button - Recuperar'

2023-06-07 12:02:13 - [TEST_STEP][PASSED] - tap(findTestObject("Object Repository/INICIA_SESION_APODO_INEXISTENTE/CPN21/android.widget.RadioButton - No eleg esta pregunta"), 0): Tapped on element 'Object Repository/INICIA_SESION_APODO_INEXISTENTE/CPN21/android.widget.RadioButton - No eleg esta pregunta'

2023-06-07 12:02:13 - [MESSAGE][WARNING] - Timeout '0' is invalid. Using default page load timeout: '30'

2023-06-07 12:02:16 - [MESSAGE][PASSED] - Tapped on element 'Object Repository/INICIA_SESION_APODO_INEXISTENTE/CPN21/android.widget.RadioButton - No eleg esta pregunta'

2023-06-07 12:02:16 - [TEST_STEP][PASSED] - tap(findTestObject("Object Repository/INICIA_SESION_APODO_INEXISTENTE/CPN21/android.widget.Button - Siguiente"), 0): Tapped on element 'Object Repository/INICIA_SESION_APODO_INEXISTENTE/CPN21/android.widget.Button - Siguiente'

2023-06-07 12:02:16 - [MESSAGE][WARNING] - Timeout '0' is invalid. Using default page load timeout: '30'

2023-06-07 12:02:17 - [MESSAGE][PASSED] - Tapped on element 'Object Repository/INICIA_SESION_APODO_INEXISTENTE/CPN21/android.widget.Button - Siguiente'

2023-06-07 12:02:17 - [TEST_STEP][PASSED] - tap(findTestObject("Object Repository/INICIA_SESION_APODO_INEXISTENTE/CPN21/android.widget.Button - Siguiente (1)"), 0): Tapped on element 'Object Repository/INICIA_SESION_APODO_INEXISTENTE/CPN21/android.widget.Button - Siguiente (1)'

2023-06-07 12:02:17 - [MESSAGE][WARNING] - Timeout '0' is invalid. Using default page load timeout: '30'

2023-06-07 12:02:18 - [MESSAGE][PASSED] - Tapped on element 'Object Repository/INICIA_SESION_APODO_INEXISTENTE/CPN21/android.widget.Button - Siguiente (1)'

2023-06-07 12:02:18 - [TEST_STEP][PASSED] - tap(findTestObject("Object Repository/INICIA_SESION_APODO_INEXISTENTE/CPN21/android.widget.RadioGroup"), 0): Tapped on element 'Object Repository/INICIA_SESION_APODO_INEXISTENTE/CPN21/android.widget.RadioGroup'

2023-06-07 12:02:18 - [MESSAGE][WARNING] - Timeout '0' is invalid. Using default page load timeout: '30'

2023-06-07 12:02:18 - [MESSAGE][PASSED] - Tapped on element 'Object Repository/INICIA_SESION_APODO_INEXISTENTE/CPN21/android.widget.RadioGroup'

2023-06-07 12:02:18 - [TEST_STEP][PASSED] - tap(findTestObject("INICIA_SESION_APODO_INEXISTENTE/CPN21/android.widget.Button - Siguiente (1)"), 0): Tapped on element 'Object Repository/INICIA_SESION_APODO_INEXISTENTE/CPN21/android.widget.Button - Siguiente (1)'

2023-06-07 12:02:18 - [MESSAGE][WARNING] - Timeout '0' is invalid. Using default page load timeout: '30'

2023-06-07 12:02:19 - [MESSAGE][PASSED] - Tapped on element 'Object Repository/INICIA_SESION_APODO_INEXISTENTE/CPN21/android.widget.Button - Siguiente (1)'

2023-06-07 12:02:19 - [TEST_STEP][PASSED] - tap(findTestObject("Object Repository/INICIA_SESION_APODO_INEXISTENTE/CPN21/android.widget.RadioGroup (1)"), 0): Tapped on element 'Object Repository/INICIA_SESION_APODO_INEXISTENTE/CPN21/android.widget.RadioGroup (1)'

2023-06-07 12:02:19 - [MESSAGE][WARNING] - Timeout '0' is invalid. Using default page load timeout: '30'

2023-06-07 12:02:20 - [MESSAGE][PASSED] - Tapped on element 'Object Repository/INICIA_SESION_APODO_INEXISTENTE/CPN21/android.widget.RadioGroup (1)'

2023-06-07 12:02:20 - [TEST_STEP][PASSED] - tap(findTestObject("INICIA_SESION_APODO_INEXISTENTE/CPN21/android.widget.Button - Siguiente (1)"), 0): Tapped on element 'Object Repository/INICIA_SESION_APODO_INEXISTENTE/CPN21/android.widget.Button - Siguiente (1)'

2023-06-07 12:02:20 - [MESSAGE][WARNING] - Timeout '0' is invalid. Using default page load timeout: '30'

2023-06-07 12:02:21 - [MESSAGE][PASSED] - Tapped on element 'Object Repository/INICIA_SESION_APODO_INEXISTENTE/CPN21/android.widget.Button - Siguiente (1)'

2023-06-07 12:02:21 - [TEST_STEP][PASSED] - tap(findTestObject("INICIA_SESION_APODO_INEXISTENTE/CPN21/android.widget.Button - Siguiente (1)"), 0): Tapped on element 'Object Repository/INICIA_SESION_APODO_INEXISTENTE/CPN21/android.widget.Button - Siguiente (1)'

2023-06-07 12:02:21 - [MESSAGE][WARNING] - Timeout '0' is invalid. Using default page load timeout: '30'

2023-06-07 12:02:22 - [MESSAGE][PASSED] - Tapped on element 'Object Repository/INICIA_SESION_APODO_INEXISTENTE/CPN21/android.widget.Button - Siguiente (1)'

2023-06-07 12:02:22 - [TEST_STEP][PASSED] - tap(findTestObject("INICIA_SESION_APODO_INEXISTENTE/CPN21/android.widget.RadioGroup (1)"), 0): Tapped on element 'Object Repository/INICIA_SESION_APODO_INEXISTENTE/CPN21/android.widget.RadioGroup (1)'

2023-06-07 12:02:22 - [MESSAGE][WARNING] - Timeout '0' is invalid. Using default page load timeout: '30'

2023-06-07 12:02:22 - [MESSAGE][PASSED] - Tapped on element 'Object Repository/INICIA_SESION_APODO_INEXISTENTE/CPN21/android.widget.RadioGroup (1)'

2023-06-07 12:02:22 - [TEST_STEP][PASSED] - tap(findTestObject("INICIA_SESION_APODO_INEXISTENTE/CPN21/android.widget.Button - Siguiente (1)"), 0): Tapped on element 'Object Repository/INICIA_SESION_APODO_INEXISTENTE/CPN21/android.widget.Button - Siguiente (1)'

2023-06-07 12:02:22 - [MESSAGE][WARNING] - Timeout '0' is invalid. Using default page load timeout: '30'

2023-06-07 12:02:24 - [MESSAGE][PASSED] - Tapped on element 'Object Repository/INICIA_SESION_APODO_INEXISTENTE/CPN21/android.widget.Button - Siguiente (1)'

2023-06-07 12:02:24 - [TEST_STEP][PASSED] - tap(findTestObject("INICIA_SESION_APODO_INEXISTENTE/CPN21/android.widget.RadioGroup (1)"), 0): Tapped on element 'Object Repository/INICIA_SESION_APODO_INEXISTENTE/CPN21/android.widget.RadioGroup (1)'

2023-06-07 12:02:24 - [MESSAGE][WARNING] - Timeout '0' is invalid. Using default page load timeout: '30'

2023-06-07 12:02:24 - [MESSAGE][PASSED] - Tapped on element 'Object Repository/INICIA_SESION_APODO_INEXISTENTE/CPN21/android.widget.RadioGroup (1)'

2023-06-07 12:02:24 - [TEST_STEP][PASSED] - tap(findTestObject("Object Repository/INICIA_SESION_APODO_INEXISTENTE/CPN21/android.widget.Button - Finalizar"), 0): Tapped on element 'Object Repository/INICIA_SESION_APODO_INEXISTENTE/CPN21/android.widget.Button - Finalizar'

2023-06-07 12:02:24 - [MESSAGE][WARNING] - Timeout '0' is invalid. Using default page load timeout: '30'

2023-06-07 12:02:25 - [MESSAGE][PASSED] - Tapped on element 'Object Repository/INICIA_SESION_APODO_INEXISTENTE/CPN21/android.widget.Button - Finalizar'

2023-06-07 12:02:25 - [TEST_STEP][PASSED] - verifyElementVisible(findTestObject("Object Repository/INICIA_SESION_APODO_INEXISTENTE/CPN21/androidx.appcompat.widget.LinearLayoutCompat"), 0): Element 'Object Repository/INICIA_SESION_APODO_INEXISTENTE/CPN21/androidx.appcompat.widget.LinearLayoutCompat' is visible

2023-06-07 12:02:25 - [MESSAGE][WARNING] - Timeout '0' is invalid. Using default page load timeout: '30'

2023-06-07 12:02:26 - [MESSAGE][PASSED] - Element 'Object Repository/INICIA_SESION_APODO_INEXISTENTE/CPN21/androidx.appcompat.widget.LinearLayoutCompat' is visible

2023-06-07 12:02:26 - [TEST_STEP][PASSED] - tap(findTestObject("Object Repository/INICIA_SESION_APODO_INEXISTENTE/CPN21/android.widget.Button - Cerrar"), 0): Tapped on element 'Object Repository/INICIA_SESION_APODO_INEXISTENTE/CPN21/android.widget.Button - Cerrar'

2023-06-07 12:02:26 - [MESSAGE][WARNING] - Timeout '0' is invalid. Using default page load timeout: '30'

2023-06-07 12:02:26 - [MESSAGE][PASSED] - Tapped on element 'Object Repository/INICIA_SESION_APODO_INEXISTENTE/CPN21/android.widget.Button - Cerrar']]></system-out>
         <system-err><![CDATA[]]></system-err>
      </testcase>
      <testcase name="Test Cases/INICIA_SESION_APODO_EXISTENTE3.2/CPN22" time="18.07" classname="Test Cases/INICIA_SESION_APODO_EXISTENTE3.2/CPN22" status="PASSED">
         <system-out><![CDATA[2023-06-07 12:02:26 - [TEST_CASE][PASSED] - Test Cases/INICIA_SESION_APODO_EXISTENTE3.2/CPN22: Test Cases/INICIA_SESION_APODO_EXISTENTE3.2/CPN22

2023-06-07 12:02:27 - [TEST_STEP][PASSED] - tap(findTestObject("Object Repository/INICIA_SESION_APODO_EXISTENTE/CPN22/android.widget.EditText - Apodo"), 0): Tapped on element 'Object Repository/INICIA_SESION_APODO_EXISTENTE/CPN22/android.widget.EditText - Apodo'

2023-06-07 12:02:27 - [MESSAGE][WARNING] - Timeout '0' is invalid. Using default page load timeout: '30'

2023-06-07 12:02:29 - [MESSAGE][PASSED] - Tapped on element 'Object Repository/INICIA_SESION_APODO_EXISTENTE/CPN22/android.widget.EditText - Apodo'

2023-06-07 12:02:29 - [TEST_STEP][PASSED] - setText(findTestObject("Object Repository/INICIA_SESION_APODO_EXISTENTE/CPN22/android.widget.EditText - Apodo (1)"), "EDWIN_1324", 0): Text 'EDWIN_1324' has been set to element 'Object Repository/INICIA_SESION_APODO_EXISTENTE/CPN22/android.widget.EditText - Apodo (1)'

2023-06-07 12:02:29 - [MESSAGE][WARNING] - Timeout '0' is invalid. Using default page load timeout: '30'

2023-06-07 12:02:30 - [MESSAGE][PASSED] - Text 'EDWIN_1324' has been set to element 'Object Repository/INICIA_SESION_APODO_EXISTENTE/CPN22/android.widget.EditText - Apodo (1)'

2023-06-07 12:02:30 - [TEST_STEP][PASSED] - hideKeyboard(): Keyboard is hidden

2023-06-07 12:02:32 - [MESSAGE][PASSED] - Keyboard is hidden

2023-06-07 12:02:32 - [TEST_STEP][PASSED] - tap(findTestObject("Object Repository/INICIA_SESION_APODO_EXISTENTE/CPN22/android.widget.Button - Recuperar"), 0): Tapped on element 'Object Repository/INICIA_SESION_APODO_EXISTENTE/CPN22/android.widget.Button - Recuperar'

2023-06-07 12:02:32 - [MESSAGE][WARNING] - Timeout '0' is invalid. Using default page load timeout: '30'

2023-06-07 12:02:33 - [MESSAGE][PASSED] - Tapped on element 'Object Repository/INICIA_SESION_APODO_EXISTENTE/CPN22/android.widget.Button - Recuperar'

2023-06-07 12:02:33 - [TEST_STEP][PASSED] - tap(findTestObject("INICIA_SESION_APODO_EXISTENTE/CPN22/android.widget.RadioGroup"), 0): Tapped on element 'Object Repository/INICIA_SESION_APODO_EXISTENTE/CPN22/android.widget.RadioGroup'

2023-06-07 12:02:33 - [MESSAGE][WARNING] - Timeout '0' is invalid. Using default page load timeout: '30'

2023-06-07 12:02:34 - [MESSAGE][PASSED] - Tapped on element 'Object Repository/INICIA_SESION_APODO_EXISTENTE/CPN22/android.widget.RadioGroup'

2023-06-07 12:02:34 - [TEST_STEP][PASSED] - tap(findTestObject("Object Repository/INICIA_SESION_APODO_EXISTENTE/CPN22/android.widget.Button - Siguiente"), 0): Tapped on element 'Object Repository/INICIA_SESION_APODO_EXISTENTE/CPN22/android.widget.Button - Siguiente'

2023-06-07 12:02:34 - [MESSAGE][WARNING] - Timeout '0' is invalid. Using default page load timeout: '30'

2023-06-07 12:02:35 - [MESSAGE][PASSED] - Tapped on element 'Object Repository/INICIA_SESION_APODO_EXISTENTE/CPN22/android.widget.Button - Siguiente'

2023-06-07 12:02:35 - [TEST_STEP][PASSED] - tap(findTestObject("Object Repository/INICIA_SESION_APODO_EXISTENTE/CPN22/android.widget.Button - Siguiente (1)"), 0): Tapped on element 'Object Repository/INICIA_SESION_APODO_EXISTENTE/CPN22/android.widget.Button - Siguiente (1)'

2023-06-07 12:02:35 - [MESSAGE][WARNING] - Timeout '0' is invalid. Using default page load timeout: '30'

2023-06-07 12:02:36 - [MESSAGE][PASSED] - Tapped on element 'Object Repository/INICIA_SESION_APODO_EXISTENTE/CPN22/android.widget.Button - Siguiente (1)'

2023-06-07 12:02:36 - [TEST_STEP][PASSED] - tap(findTestObject("Object Repository/INICIA_SESION_APODO_EXISTENTE/CPN22/android.widget.RadioGroup (1)"), 0): Tapped on element 'Object Repository/INICIA_SESION_APODO_EXISTENTE/CPN22/android.widget.RadioGroup (1)'

2023-06-07 12:02:36 - [MESSAGE][WARNING] - Timeout '0' is invalid. Using default page load timeout: '30'

2023-06-07 12:02:36 - [MESSAGE][PASSED] - Tapped on element 'Object Repository/INICIA_SESION_APODO_EXISTENTE/CPN22/android.widget.RadioGroup (1)'

2023-06-07 12:02:36 - [TEST_STEP][PASSED] - tap(findTestObject("INICIA_SESION_APODO_EXISTENTE/CPN22/android.widget.Button - Siguiente (1)"), 0): Tapped on element 'Object Repository/INICIA_SESION_APODO_EXISTENTE/CPN22/android.widget.Button - Siguiente (1)'

2023-06-07 12:02:36 - [MESSAGE][WARNING] - Timeout '0' is invalid. Using default page load timeout: '30'

2023-06-07 12:02:37 - [MESSAGE][PASSED] - Tapped on element 'Object Repository/INICIA_SESION_APODO_EXISTENTE/CPN22/android.widget.Button - Siguiente (1)'

2023-06-07 12:02:37 - [TEST_STEP][PASSED] - tap(findTestObject("Object Repository/INICIA_SESION_APODO_EXISTENTE/CPN22/android.widget.RadioButton - No eleg esta pregunta"), 0): Tapped on element 'Object Repository/INICIA_SESION_APODO_EXISTENTE/CPN22/android.widget.RadioButton - No eleg esta pregunta'

2023-06-07 12:02:37 - [MESSAGE][WARNING] - Timeout '0' is invalid. Using default page load timeout: '30'

2023-06-07 12:02:38 - [MESSAGE][PASSED] - Tapped on element 'Object Repository/INICIA_SESION_APODO_EXISTENTE/CPN22/android.widget.RadioButton - No eleg esta pregunta'

2023-06-07 12:02:38 - [TEST_STEP][PASSED] - tap(findTestObject("INICIA_SESION_APODO_EXISTENTE/CPN22/android.widget.Button - Siguiente (1)"), 0): Tapped on element 'Object Repository/INICIA_SESION_APODO_EXISTENTE/CPN22/android.widget.Button - Siguiente (1)'

2023-06-07 12:02:38 - [MESSAGE][WARNING] - Timeout '0' is invalid. Using default page load timeout: '30'

2023-06-07 12:02:38 - [MESSAGE][PASSED] - Tapped on element 'Object Repository/INICIA_SESION_APODO_EXISTENTE/CPN22/android.widget.Button - Siguiente (1)'

2023-06-07 12:02:38 - [TEST_STEP][PASSED] - tap(findTestObject("INICIA_SESION_APODO_EXISTENTE/CPN22/android.widget.RadioGroup"), 0): Tapped on element 'Object Repository/INICIA_SESION_APODO_EXISTENTE/CPN22/android.widget.RadioGroup'

2023-06-07 12:02:38 - [MESSAGE][WARNING] - Timeout '0' is invalid. Using default page load timeout: '30'

2023-06-07 12:02:39 - [MESSAGE][PASSED] - Tapped on element 'Object Repository/INICIA_SESION_APODO_EXISTENTE/CPN22/android.widget.RadioGroup'

2023-06-07 12:02:39 - [TEST_STEP][PASSED] - tap(findTestObject("INICIA_SESION_APODO_EXISTENTE/CPN22/android.widget.Button - Siguiente (1)"), 0): Tapped on element 'Object Repository/INICIA_SESION_APODO_EXISTENTE/CPN22/android.widget.Button - Siguiente (1)'

2023-06-07 12:02:39 - [MESSAGE][WARNING] - Timeout '0' is invalid. Using default page load timeout: '30'

2023-06-07 12:02:40 - [MESSAGE][PASSED] - Tapped on element 'Object Repository/INICIA_SESION_APODO_EXISTENTE/CPN22/android.widget.Button - Siguiente (1)'

2023-06-07 12:02:40 - [TEST_STEP][PASSED] - tap(findTestObject("INICIA_SESION_APODO_EXISTENTE/CPN22/android.widget.RadioGroup"), 0): Tapped on element 'Object Repository/INICIA_SESION_APODO_EXISTENTE/CPN22/android.widget.RadioGroup'

2023-06-07 12:02:40 - [MESSAGE][WARNING] - Timeout '0' is invalid. Using default page load timeout: '30'

2023-06-07 12:02:41 - [MESSAGE][PASSED] - Tapped on element 'Object Repository/INICIA_SESION_APODO_EXISTENTE/CPN22/android.widget.RadioGroup'

2023-06-07 12:02:41 - [TEST_STEP][PASSED] - tap(findTestObject("Object Repository/INICIA_SESION_APODO_EXISTENTE/CPN22/android.widget.Button - Finalizar"), 0): Tapped on element 'Object Repository/INICIA_SESION_APODO_EXISTENTE/CPN22/android.widget.Button - Finalizar'

2023-06-07 12:02:41 - [MESSAGE][WARNING] - Timeout '0' is invalid. Using default page load timeout: '30'

2023-06-07 12:02:42 - [MESSAGE][PASSED] - Tapped on element 'Object Repository/INICIA_SESION_APODO_EXISTENTE/CPN22/android.widget.Button - Finalizar'

2023-06-07 12:02:42 - [TEST_STEP][PASSED] - verifyElementVisible(findTestObject("Object Repository/INICIA_SESION_APODO_EXISTENTE/CPN22/androidx.appcompat.widget.LinearLayoutCompat"), 0): Element 'Object Repository/INICIA_SESION_APODO_EXISTENTE/CPN22/androidx.appcompat.widget.LinearLayoutCompat' is visible

2023-06-07 12:02:42 - [MESSAGE][WARNING] - Timeout '0' is invalid. Using default page load timeout: '30'

2023-06-07 12:02:43 - [MESSAGE][PASSED] - Element 'Object Repository/INICIA_SESION_APODO_EXISTENTE/CPN22/androidx.appcompat.widget.LinearLayoutCompat' is visible

2023-06-07 12:02:43 - [TEST_STEP][PASSED] - tap(findTestObject("Object Repository/INICIA_SESION_APODO_EXISTENTE/CPN22/android.widget.Button - Cerrar"), 0): Tapped on element 'Object Repository/INICIA_SESION_APODO_EXISTENTE/CPN22/android.widget.Button - Cerrar'

2023-06-07 12:02:43 - [MESSAGE][WARNING] - Timeout '0' is invalid. Using default page load timeout: '30'

2023-06-07 12:02:43 - [MESSAGE][PASSED] - Tapped on element 'Object Repository/INICIA_SESION_APODO_EXISTENTE/CPN22/android.widget.Button - Cerrar'

2023-06-07 12:02:43 - [TEST_STEP][PASSED] - tap(findTestObject("Object Repository/INICIA_SESION_APODO_EXISTENTE/CPN22/android.widget.ImageButton"), 0): Tapped on element 'Object Repository/INICIA_SESION_APODO_EXISTENTE/CPN22/android.widget.ImageButton'

2023-06-07 12:02:43 - [MESSAGE][WARNING] - Timeout '0' is invalid. Using default page load timeout: '30'

2023-06-07 12:02:44 - [MESSAGE][PASSED] - Tapped on element 'Object Repository/INICIA_SESION_APODO_EXISTENTE/CPN22/android.widget.ImageButton']]></system-out>
         <system-err><![CDATA[]]></system-err>
      </testcase>
      <testcase name="Test Cases/Abrir_App/CPN4" time="7.094" classname="Test Cases/Abrir_App/CPN4" status="PASSED">
         <system-out><![CDATA[2023-06-07 12:02:44 - [TEST_CASE][PASSED] - Test Cases/Abrir_App/CPN4: Test Cases/Abrir_App/CPN4

2023-06-07 12:02:45 - [TEST_STEP][PASSED] - toggleWifi("off", STOP_ON_FAILURE): Toggled wifi

2023-06-07 12:02:45 - [MESSAGE][PASSED] - Toggled wifi

2023-06-07 12:02:46 - [TEST_STEP][PASSED] - toggleWifi("on", STOP_ON_FAILURE): Toggled wifi

2023-06-07 12:02:46 - [MESSAGE][PASSED] - Toggled wifi

2023-06-07 12:02:46 - [TEST_STEP][PASSED] - delay(5): Delayed 5 second(s)

2023-06-07 12:02:51 - [MESSAGE][PASSED] - Delayed 5 second(s)]]></system-out>
         <system-err><![CDATA[]]></system-err>
      </testcase>
      <testcase name="Test Cases/Crear cuenta/CPN5" time="6.571" classname="Test Cases/Crear cuenta/CPN5" status="PASSED">
         <system-out><![CDATA[2023-06-07 12:02:51 - [TEST_CASE][PASSED] - Test Cases/Crear cuenta/CPN5: Test Cases/Crear cuenta/CPN5

2023-06-07 12:02:52 - [TEST_STEP][PASSED] - tap(findTestObject("Object Repository/Crear_cuenta/CPN5/android.widget.Button - Crear Cuenta"), 0): Tapped on element 'Object Repository/Crear_cuenta/CPN5/android.widget.Button - Crear Cuenta'

2023-06-07 12:02:52 - [MESSAGE][WARNING] - Timeout '0' is invalid. Using default page load timeout: '30'

2023-06-07 12:02:52 - [MESSAGE][PASSED] - Tapped on element 'Object Repository/Crear_cuenta/CPN5/android.widget.Button - Crear Cuenta'

2023-06-07 12:02:52 - [TEST_STEP][PASSED] - verifyElementText(findTestObject("Crear_cuenta/CPN5/android.widget.FrameLayout"), ""): Actual text and expected text of test object 'Object Repository/Crear_cuenta/CPN5/android.widget.FrameLayout' are matched.

2023-06-07 12:02:53 - [MESSAGE][PASSED] - Actual text and expected text of test object 'Object Repository/Crear_cuenta/CPN5/android.widget.FrameLayout' are matched.

2023-06-07 12:02:53 - [TEST_STEP][PASSED] - tap(findTestObject("Object Repository/Crear_cuenta/CPN5/android.widget.Button - Enviar cdigo de registro"), 0): Tapped on element 'Object Repository/Crear_cuenta/CPN5/android.widget.Button - Enviar cdigo de registro'

2023-06-07 12:02:53 - [MESSAGE][WARNING] - Timeout '0' is invalid. Using default page load timeout: '30'

2023-06-07 12:02:53 - [MESSAGE][PASSED] - Tapped on element 'Object Repository/Crear_cuenta/CPN5/android.widget.Button - Enviar cdigo de registro'

2023-06-07 12:02:53 - [TEST_STEP][PASSED] - verifyElementText(findTestObject("Object Repository/Crear_cuenta/CPN5/android.widget.TextView - Bienvenido a NapoleoN Chat"), "Bienvenido a NapoleoN Chat"): Actual text and expected text of test object 'Object Repository/Crear_cuenta/CPN5/android.widget.TextView - Bienvenido a NapoleoN Chat' are matched.

2023-06-07 12:02:58 - [MESSAGE][PASSED] - Actual text and expected text of test object 'Object Repository/Crear_cuenta/CPN5/android.widget.TextView - Bienvenido a NapoleoN Chat' are matched.

2023-06-07 12:02:58 - [TEST_STEP][PASSED] - verifyElementVisible(findTestObject("Object Repository/Crear_cuenta/CPN5/android.widget.LinearLayout"), 0): Element 'Object Repository/Crear_cuenta/CPN5/android.widget.LinearLayout' is visible

2023-06-07 12:02:58 - [MESSAGE][WARNING] - Timeout '0' is invalid. Using default page load timeout: '30'

2023-06-07 12:02:58 - [MESSAGE][PASSED] - Element 'Object Repository/Crear_cuenta/CPN5/android.widget.LinearLayout' is visible]]></system-out>
         <system-err><![CDATA[]]></system-err>
      </testcase>
      <testcase name="Test Cases/Crear cuenta/CPN6-7" time="30.426" classname="Test Cases/Crear cuenta/CPN6-7" status="PASSED">
         <system-out><![CDATA[2023-06-07 12:02:58 - [TEST_CASE][PASSED] - Test Cases/Crear cuenta/CPN6-7: Test Cases/Crear cuenta/CPN6-7

2023-06-07 12:02:58 - [TEST_STEP][PASSED] - verifyElementVisible(findTestObject("Crear_cuenta/CPN6-7/android.widget.LinearLayout"), 0): Element 'Object Repository/Crear_cuenta/CPN6-7/android.widget.LinearLayout' is visible

2023-06-07 12:02:58 - [MESSAGE][WARNING] - Timeout '0' is invalid. Using default page load timeout: '30'

2023-06-07 12:02:59 - [MESSAGE][PASSED] - Element 'Object Repository/Crear_cuenta/CPN6-7/android.widget.LinearLayout' is visible

2023-06-07 12:02:59 - [TEST_STEP][PASSED] - tap(findTestObject("Object Repository/Crear_cuenta/CPN6-7/android.widget.Button - Reenviar cdigo"), 0): Tapped on element 'Object Repository/Crear_cuenta/CPN6-7/android.widget.Button - Reenviar cdigo'

2023-06-07 12:02:59 - [MESSAGE][WARNING] - Timeout '0' is invalid. Using default page load timeout: '30'

2023-06-07 12:03:00 - [MESSAGE][PASSED] - Tapped on element 'Object Repository/Crear_cuenta/CPN6-7/android.widget.Button - Reenviar cdigo'

2023-06-07 12:03:00 - [TEST_STEP][PASSED] - delay(1): Delayed 1 second(s)

2023-06-07 12:03:01 - [MESSAGE][PASSED] - Delayed 1 second(s)

2023-06-07 12:03:01 - [TEST_STEP][PASSED] - verifyElementVisible(findTestObject("Crear_cuenta/CPN6-7/android.widget.LinearLayout"), 0): Element 'Object Repository/Crear_cuenta/CPN6-7/android.widget.LinearLayout' is visible

2023-06-07 12:03:01 - [MESSAGE][WARNING] - Timeout '0' is invalid. Using default page load timeout: '30'

2023-06-07 12:03:02 - [MESSAGE][PASSED] - Element 'Object Repository/Crear_cuenta/CPN6-7/android.widget.LinearLayout' is visible

2023-06-07 12:03:02 - [TEST_STEP][PASSED] - tap(findTestObject("Crear_cuenta/CPN6-7/android.widget.Button - Reenviar cdigo (1)"), 0): Tapped on element 'Object Repository/Crear_cuenta/CPN6-7/android.widget.Button - Reenviar cdigo (1)'

2023-06-07 12:03:02 - [MESSAGE][WARNING] - Timeout '0' is invalid. Using default page load timeout: '30'

2023-06-07 12:03:03 - [MESSAGE][PASSED] - Tapped on element 'Object Repository/Crear_cuenta/CPN6-7/android.widget.Button - Reenviar cdigo (1)'

2023-06-07 12:03:03 - [TEST_STEP][PASSED] - delay(24): Delayed 24 second(s)

2023-06-07 12:03:27 - [MESSAGE][PASSED] - Delayed 24 second(s)

2023-06-07 12:03:27 - [TEST_STEP][PASSED] - delay(1): Delayed 1 second(s)

2023-06-07 12:03:28 - [MESSAGE][PASSED] - Delayed 1 second(s)

2023-06-07 12:03:28 - [TEST_STEP][PASSED] - tap(findTestObject("Crear_cuenta/CPN6-7/android.widget.Button - Reenviar cdigo (1)"), 0): Tapped on element 'Object Repository/Crear_cuenta/CPN6-7/android.widget.Button - Reenviar cdigo (1)'

2023-06-07 12:03:28 - [MESSAGE][WARNING] - Timeout '0' is invalid. Using default page load timeout: '30'

2023-06-07 12:03:28 - [MESSAGE][PASSED] - Tapped on element 'Object Repository/Crear_cuenta/CPN6-7/android.widget.Button - Reenviar cdigo (1)']]></system-out>
         <system-err><![CDATA[]]></system-err>
      </testcase>
      <testcase name="Test Cases/Crear cuenta/CPN9" time="14.005" classname="Test Cases/Crear cuenta/CPN9" status="PASSED">
         <system-out><![CDATA[2023-06-07 12:03:28 - [TEST_CASE][PASSED] - Test Cases/Crear cuenta/CPN9: Test Cases/Crear cuenta/CPN9

2023-06-07 12:03:29 - [TEST_STEP][PASSED] - tap(findTestObject("Object Repository/Crear_cuenta/CPN9/android.widget.Button - Continuar"), 0): Tapped on element 'Object Repository/Crear_cuenta/CPN9/android.widget.Button - Continuar'

2023-06-07 12:03:29 - [MESSAGE][WARNING] - Timeout '0' is invalid. Using default page load timeout: '30'

2023-06-07 12:03:32 - [MESSAGE][PASSED] - Tapped on element 'Object Repository/Crear_cuenta/CPN9/android.widget.Button - Continuar'

2023-06-07 12:03:32 - [TEST_STEP][PASSED] - delay(2, STOP_ON_FAILURE): Delayed 2 second(s)

2023-06-07 12:03:34 - [MESSAGE][PASSED] - Delayed 2 second(s)

2023-06-07 12:03:34 - [TEST_STEP][PASSED] - verifyElementText(findTestObject("Object Repository/Crear_cuenta/CPN9/android.view.ViewGroup"), ""): Actual text and expected text of test object 'Object Repository/Crear_cuenta/CPN9/android.view.ViewGroup' are matched.

2023-06-07 12:03:36 - [MESSAGE][PASSED] - Actual text and expected text of test object 'Object Repository/Crear_cuenta/CPN9/android.view.ViewGroup' are matched.

2023-06-07 12:03:36 - [TEST_STEP][PASSED] - tap(findTestObject("Object Repository/Crear_cuenta/CPN9/android.widget.EditText - Apodo"), 0): Tapped on element 'Object Repository/Crear_cuenta/CPN9/android.widget.EditText - Apodo'

2023-06-07 12:03:36 - [MESSAGE][WARNING] - Timeout '0' is invalid. Using default page load timeout: '30'

2023-06-07 12:03:36 - [MESSAGE][PASSED] - Tapped on element 'Object Repository/Crear_cuenta/CPN9/android.widget.EditText - Apodo'

2023-06-07 12:03:36 - [TEST_STEP][PASSED] - setText(findTestObject("Object Repository/Crear_cuenta/CPN9/android.widget.EditText - Apodo (1)"), "PRUEBA", 0): Text 'PRUEBA' has been set to element 'Object Repository/Crear_cuenta/CPN9/android.widget.EditText - Apodo (1)'

2023-06-07 12:03:36 - [MESSAGE][WARNING] - Timeout '0' is invalid. Using default page load timeout: '30'

2023-06-07 12:03:39 - [MESSAGE][PASSED] - Text 'PRUEBA' has been set to element 'Object Repository/Crear_cuenta/CPN9/android.widget.EditText - Apodo (1)'

2023-06-07 12:03:39 - [TEST_STEP][PASSED] - clearText(findTestObject("Object Repository/Crear_cuenta/CPN9/android.widget.EditText - PRUEBA"), 0): Element 'Object Repository/Crear_cuenta/CPN9/android.widget.EditText - PRUEBA' text is cleared

2023-06-07 12:03:39 - [MESSAGE][WARNING] - Timeout '0' is invalid. Using default page load timeout: '30'

2023-06-07 12:03:40 - [MESSAGE][PASSED] - Element 'Object Repository/Crear_cuenta/CPN9/android.widget.EditText - PRUEBA' text is cleared

2023-06-07 12:03:40 - [TEST_STEP][PASSED] - hideKeyboard(): Keyboard is hidden

2023-06-07 12:03:42 - [MESSAGE][PASSED] - Keyboard is hidden

2023-06-07 12:03:42 - [TEST_STEP][PASSED] - verifyElementText(findTestObject("Object Repository/Crear_cuenta/CPN9/android.widget.TextView - El Apodo es obligatorio"), "El Apodo es obligatorio"): Actual text and expected text of test object 'Object Repository/Crear_cuenta/CPN9/android.widget.TextView - El Apodo es obligatorio' are matched.

2023-06-07 12:03:42 - [MESSAGE][PASSED] - Actual text and expected text of test object 'Object Repository/Crear_cuenta/CPN9/android.widget.TextView - El Apodo es obligatorio' are matched.]]></system-out>
         <system-err><![CDATA[]]></system-err>
      </testcase>
      <testcase name="Test Cases/Crear cuenta/CPN10" time="6.891" classname="Test Cases/Crear cuenta/CPN10" status="PASSED">
         <system-out><![CDATA[2023-06-07 12:03:42 - [TEST_CASE][PASSED] - Test Cases/Crear cuenta/CPN10: Test Cases/Crear cuenta/CPN10

2023-06-07 12:03:43 - [TEST_STEP][PASSED] - tap(findTestObject("Object Repository/Crear_cuenta/CPN10/android.widget.EditText - Apodo"), 0): Tapped on element 'Object Repository/Crear_cuenta/CPN10/android.widget.EditText - Apodo'

2023-06-07 12:03:43 - [MESSAGE][WARNING] - Timeout '0' is invalid. Using default page load timeout: '30'

2023-06-07 12:03:44 - [MESSAGE][PASSED] - Tapped on element 'Object Repository/Crear_cuenta/CPN10/android.widget.EditText - Apodo'

2023-06-07 12:03:44 - [TEST_STEP][PASSED] - setText(findTestObject("Object Repository/Crear_cuenta/CPN10/android.widget.EditText - Apodo (1)"), "0123456789", 0): Text '0123456789' has been set to element 'Object Repository/Crear_cuenta/CPN10/android.widget.EditText - Apodo (1)'

2023-06-07 12:03:44 - [MESSAGE][WARNING] - Timeout '0' is invalid. Using default page load timeout: '30'

2023-06-07 12:03:46 - [MESSAGE][PASSED] - Text '0123456789' has been set to element 'Object Repository/Crear_cuenta/CPN10/android.widget.EditText - Apodo (1)'

2023-06-07 12:03:46 - [TEST_STEP][PASSED] - verifyElementText(findTestObject("Object Repository/Crear_cuenta/CPN10/android.widget.TextView - El Apodo debe comenzar con una letra"), "El Apodo debe comenzar con una letra"): Actual text and expected text of test object 'Object Repository/Crear_cuenta/CPN10/android.widget.TextView - El Apodo debe comenzar con una letra' are matched.

2023-06-07 12:03:47 - [MESSAGE][PASSED] - Actual text and expected text of test object 'Object Repository/Crear_cuenta/CPN10/android.widget.TextView - El Apodo debe comenzar con una letra' are matched.

2023-06-07 12:03:47 - [TEST_STEP][PASSED] - hideKeyboard(): Keyboard is hidden

2023-06-07 12:03:49 - [MESSAGE][PASSED] - Keyboard is hidden

2023-06-07 12:03:49 - [TEST_STEP][PASSED] - tap(findTestObject("Object Repository/Crear_cuenta/CPN10/android.widget.Button - Siguiente"), 0): Tapped on element 'Object Repository/Crear_cuenta/CPN10/android.widget.Button - Siguiente'

2023-06-07 12:03:49 - [MESSAGE][WARNING] - Timeout '0' is invalid. Using default page load timeout: '30'

2023-06-07 12:03:49 - [MESSAGE][PASSED] - Tapped on element 'Object Repository/Crear_cuenta/CPN10/android.widget.Button - Siguiente']]></system-out>
         <system-err><![CDATA[]]></system-err>
      </testcase>
      <testcase name="Test Cases/Crear cuenta/CPN11" time="7.896" classname="Test Cases/Crear cuenta/CPN11" status="PASSED">
         <system-out><![CDATA[2023-06-07 12:03:49 - [TEST_CASE][PASSED] - Test Cases/Crear cuenta/CPN11: Test Cases/Crear cuenta/CPN11

2023-06-07 12:03:50 - [TEST_STEP][PASSED] - clearText(findTestObject("Object Repository/Crear_cuenta/CPN11/android.widget.EditText - 0123456789"), 0): Element 'Object Repository/Crear_cuenta/CPN11/android.widget.EditText - 0123456789' text is cleared

2023-06-07 12:03:50 - [MESSAGE][WARNING] - Timeout '0' is invalid. Using default page load timeout: '30'

2023-06-07 12:03:50 - [MESSAGE][PASSED] - Element 'Object Repository/Crear_cuenta/CPN11/android.widget.EditText - 0123456789' text is cleared

2023-06-07 12:03:50 - [TEST_STEP][PASSED] - tap(findTestObject("Object Repository/Crear_cuenta/CPN11/android.widget.EditText - Apodo"), 0): Tapped on element 'Object Repository/Crear_cuenta/CPN11/android.widget.EditText - Apodo'

2023-06-07 12:03:50 - [MESSAGE][WARNING] - Timeout '0' is invalid. Using default page load timeout: '30'

2023-06-07 12:03:51 - [MESSAGE][PASSED] - Tapped on element 'Object Repository/Crear_cuenta/CPN11/android.widget.EditText - Apodo'

2023-06-07 12:03:51 - [TEST_STEP][PASSED] - setText(findTestObject("Object Repository/Crear_cuenta/CPN11/android.widget.EditText - Apodo (1)"), "abcde", 0): Text 'abcde' has been set to element 'Object Repository/Crear_cuenta/CPN11/android.widget.EditText - Apodo (1)'

2023-06-07 12:03:51 - [MESSAGE][WARNING] - Timeout '0' is invalid. Using default page load timeout: '30'

2023-06-07 12:03:54 - [MESSAGE][PASSED] - Text 'abcde' has been set to element 'Object Repository/Crear_cuenta/CPN11/android.widget.EditText - Apodo (1)'

2023-06-07 12:03:54 - [TEST_STEP][PASSED] - verifyElementText(findTestObject("Object Repository/Crear_cuenta/CPN11/android.widget.TextView - El apodo debe contener al menos un nmero"), "El apodo debe contener al menos un número"): Actual text and expected text of test object 'Object Repository/Crear_cuenta/CPN11/android.widget.TextView - El apodo debe contener al menos un nmero' are matched.

2023-06-07 12:03:55 - [MESSAGE][PASSED] - Actual text and expected text of test object 'Object Repository/Crear_cuenta/CPN11/android.widget.TextView - El apodo debe contener al menos un nmero' are matched.

2023-06-07 12:03:55 - [TEST_STEP][PASSED] - hideKeyboard(): Keyboard is hidden

2023-06-07 12:03:57 - [MESSAGE][PASSED] - Keyboard is hidden

2023-06-07 12:03:57 - [TEST_STEP][PASSED] - tap(findTestObject("Object Repository/Crear_cuenta/CPN11/android.widget.Button - Siguiente"), 0): Tapped on element 'Object Repository/Crear_cuenta/CPN11/android.widget.Button - Siguiente'

2023-06-07 12:03:57 - [MESSAGE][WARNING] - Timeout '0' is invalid. Using default page load timeout: '30'

2023-06-07 12:03:57 - [MESSAGE][PASSED] - Tapped on element 'Object Repository/Crear_cuenta/CPN11/android.widget.Button - Siguiente'

2023-06-07 12:03:57 - [TEST_STEP][PASSED] - clearText(findTestObject("Object Repository/Crear_cuenta/CPN11/android.widget.EditText - abcde"), 0): Element 'Object Repository/Crear_cuenta/CPN11/android.widget.EditText - abcde' text is cleared

2023-06-07 12:03:57 - [MESSAGE][WARNING] - Timeout '0' is invalid. Using default page load timeout: '30'

2023-06-07 12:03:57 - [MESSAGE][PASSED] - Element 'Object Repository/Crear_cuenta/CPN11/android.widget.EditText - abcde' text is cleared]]></system-out>
         <system-err><![CDATA[]]></system-err>
      </testcase>
      <testcase name="Test Cases/Crear cuenta/CPN12" time="4.707" classname="Test Cases/Crear cuenta/CPN12" status="PASSED">
         <system-out><![CDATA[2023-06-07 12:03:57 - [TEST_CASE][PASSED] - Test Cases/Crear cuenta/CPN12: Test Cases/Crear cuenta/CPN12

2023-06-07 12:03:57 - [TEST_STEP][PASSED] - setText(findTestObject("Object Repository/Crear_cuenta/CPN12/android.widget.EditText - Apodo"), "0123456789012345678901", 0): Text '0123456789012345678901' has been set to element 'Object Repository/Crear_cuenta/CPN12/android.widget.EditText - Apodo'

2023-06-07 12:03:57 - [MESSAGE][WARNING] - Timeout '0' is invalid. Using default page load timeout: '30'

2023-06-07 12:04:00 - [MESSAGE][PASSED] - Text '0123456789012345678901' has been set to element 'Object Repository/Crear_cuenta/CPN12/android.widget.EditText - Apodo'

2023-06-07 12:04:00 - [TEST_STEP][PASSED] - hideKeyboard(): Keyboard is hidden

2023-06-07 12:04:00 - [MESSAGE][PASSED] - Keyboard is hidden

2023-06-07 12:04:00 - [TEST_STEP][PASSED] - clearText(findTestObject("Object Repository/Crear_cuenta/CPN12/android.widget.EditText - 01234567890123456789"), 0): Element 'Object Repository/Crear_cuenta/CPN12/android.widget.EditText - 01234567890123456789' text is cleared

2023-06-07 12:04:00 - [MESSAGE][WARNING] - Timeout '0' is invalid. Using default page load timeout: '30'

2023-06-07 12:04:01 - [MESSAGE][PASSED] - Element 'Object Repository/Crear_cuenta/CPN12/android.widget.EditText - 01234567890123456789' text is cleared

2023-06-07 12:04:01 - [TEST_STEP][PASSED] - tap(findTestObject("Object Repository/Crear_cuenta/CPN12/android.widget.Button - Siguiente"), 0): Tapped on element 'Object Repository/Crear_cuenta/CPN12/android.widget.Button - Siguiente'

2023-06-07 12:04:01 - [MESSAGE][WARNING] - Timeout '0' is invalid. Using default page load timeout: '30'

2023-06-07 12:04:02 - [MESSAGE][PASSED] - Tapped on element 'Object Repository/Crear_cuenta/CPN12/android.widget.Button - Siguiente']]></system-out>
         <system-err><![CDATA[]]></system-err>
      </testcase>
      <testcase name="Test Cases/Crear cuenta/CPN13" time="7.518" classname="Test Cases/Crear cuenta/CPN13" status="PASSED">
         <system-out><![CDATA[2023-06-07 12:04:02 - [TEST_CASE][PASSED] - Test Cases/Crear cuenta/CPN13: Test Cases/Crear cuenta/CPN13

2023-06-07 12:04:02 - [TEST_STEP][PASSED] - tap(findTestObject("Object Repository/Crear_cuenta/CPN13/android.widget.EditText - Apodo"), 0): Tapped on element 'Object Repository/Crear_cuenta/CPN13/android.widget.EditText - Apodo'

2023-06-07 12:04:02 - [MESSAGE][WARNING] - Timeout '0' is invalid. Using default page load timeout: '30'

2023-06-07 12:04:04 - [MESSAGE][PASSED] - Tapped on element 'Object Repository/Crear_cuenta/CPN13/android.widget.EditText - Apodo'

2023-06-07 12:04:04 - [TEST_STEP][PASSED] - setText(findTestObject("Object Repository/Crear_cuenta/CPN13/android.widget.EditText - Apodo (1)"), "HO", 0): Text 'HO' has been set to element 'Object Repository/Crear_cuenta/CPN13/android.widget.EditText - Apodo (1)'

2023-06-07 12:04:04 - [MESSAGE][WARNING] - Timeout '0' is invalid. Using default page load timeout: '30'

2023-06-07 12:04:06 - [MESSAGE][PASSED] - Text 'HO' has been set to element 'Object Repository/Crear_cuenta/CPN13/android.widget.EditText - Apodo (1)'

2023-06-07 12:04:06 - [TEST_STEP][PASSED] - verifyElementText(findTestObject("Object Repository/Crear_cuenta/CPN13/android.widget.TextView - El Apodo debe contener mnimo 3 caracteres y 1 nmero"), "El Apodo debe contener mínimo 3 caracteres y 1 número"): Actual text and expected text of test object 'Object Repository/Crear_cuenta/CPN13/android.widget.TextView - El Apodo debe contener mnimo 3 caracteres y 1 nmero' are matched.

2023-06-07 12:04:07 - [MESSAGE][PASSED] - Actual text and expected text of test object 'Object Repository/Crear_cuenta/CPN13/android.widget.TextView - El Apodo debe contener mnimo 3 caracteres y 1 nmero' are matched.

2023-06-07 12:04:07 - [TEST_STEP][PASSED] - hideKeyboard(): Keyboard is hidden

2023-06-07 12:04:09 - [MESSAGE][PASSED] - Keyboard is hidden

2023-06-07 12:04:09 - [TEST_STEP][PASSED] - tap(findTestObject("Object Repository/Crear_cuenta/CPN13/android.widget.Button - Siguiente"), 0): Tapped on element 'Object Repository/Crear_cuenta/CPN13/android.widget.Button - Siguiente'

2023-06-07 12:04:09 - [MESSAGE][WARNING] - Timeout '0' is invalid. Using default page load timeout: '30'

2023-06-07 12:04:09 - [MESSAGE][PASSED] - Tapped on element 'Object Repository/Crear_cuenta/CPN13/android.widget.Button - Siguiente'

2023-06-07 12:04:09 - [TEST_STEP][PASSED] - clearText(findTestObject("Object Repository/Crear_cuenta/CPN13/android.widget.EditText - HO"), 0): Element 'Object Repository/Crear_cuenta/CPN13/android.widget.EditText - HO' text is cleared

2023-06-07 12:04:09 - [MESSAGE][WARNING] - Timeout '0' is invalid. Using default page load timeout: '30'

2023-06-07 12:04:09 - [MESSAGE][PASSED] - Element 'Object Repository/Crear_cuenta/CPN13/android.widget.EditText - HO' text is cleared]]></system-out>
         <system-err><![CDATA[]]></system-err>
      </testcase>
      <testcase name="Test Cases/Crear cuenta/CPN14" time="11.802" classname="Test Cases/Crear cuenta/CPN14" status="PASSED">
         <system-out><![CDATA[2023-06-07 12:04:09 - [TEST_CASE][PASSED] - Test Cases/Crear cuenta/CPN14: Test Cases/Crear cuenta/CPN14

2023-06-07 12:04:10 - [TEST_STEP][PASSED] - tap(findTestObject("Object Repository/Crear_cuenta/CPN14/android.widget.EditText - Nombre a mostrar (opcional)"), 0): Tapped on element 'Object Repository/Crear_cuenta/CPN14/android.widget.EditText - Nombre a mostrar (opcional)'

2023-06-07 12:04:10 - [MESSAGE][WARNING] - Timeout '0' is invalid. Using default page load timeout: '30'

2023-06-07 12:04:10 - [MESSAGE][PASSED] - Tapped on element 'Object Repository/Crear_cuenta/CPN14/android.widget.EditText - Nombre a mostrar (opcional)'

2023-06-07 12:04:10 - [TEST_STEP][PASSED] - setText(findTestObject("Object Repository/Crear_cuenta/CPN14/android.widget.EditText - Nombre a mostrar (opcional) (1)"), "Opcional", 0): Text 'Opcional' has been set to element 'Object Repository/Crear_cuenta/CPN14/android.widget.EditText - Nombre a mostrar (opcional) (1)'

2023-06-07 12:04:10 - [MESSAGE][WARNING] - Timeout '0' is invalid. Using default page load timeout: '30'

2023-06-07 12:04:13 - [MESSAGE][PASSED] - Text 'Opcional' has been set to element 'Object Repository/Crear_cuenta/CPN14/android.widget.EditText - Nombre a mostrar (opcional) (1)'

2023-06-07 12:04:13 - [TEST_STEP][PASSED] - hideKeyboard(): Keyboard is hidden

2023-06-07 12:04:15 - [MESSAGE][PASSED] - Keyboard is hidden

2023-06-07 12:04:15 - [TEST_STEP][PASSED] - tap(findTestObject("Object Repository/Crear_cuenta/CPN14/android.widget.Button - Siguiente"), 0): Tapped on element 'Object Repository/Crear_cuenta/CPN14/android.widget.Button - Siguiente'

2023-06-07 12:04:15 - [MESSAGE][WARNING] - Timeout '0' is invalid. Using default page load timeout: '30'

2023-06-07 12:04:15 - [MESSAGE][PASSED] - Tapped on element 'Object Repository/Crear_cuenta/CPN14/android.widget.Button - Siguiente'

2023-06-07 12:04:15 - [TEST_STEP][PASSED] - tap(findTestObject("Object Repository/Crear_cuenta/CPN14/android.widget.EditText - Apodo"), 0): Tapped on element 'Object Repository/Crear_cuenta/CPN14/android.widget.EditText - Apodo'

2023-06-07 12:04:15 - [MESSAGE][WARNING] - Timeout '0' is invalid. Using default page load timeout: '30'

2023-06-07 12:04:16 - [MESSAGE][PASSED] - Tapped on element 'Object Repository/Crear_cuenta/CPN14/android.widget.EditText - Apodo'

2023-06-07 12:04:16 - [TEST_STEP][PASSED] - setText(findTestObject("Crear_cuenta/CPN14/android.widget.EditText - Apodo (1)"), "angello16", 0): Text 'angello16' has been set to element 'Object Repository/Crear_cuenta/CPN14/android.widget.EditText - Apodo (1)'

2023-06-07 12:04:16 - [MESSAGE][WARNING] - Timeout '0' is invalid. Using default page load timeout: '30'

2023-06-07 12:04:19 - [MESSAGE][PASSED] - Text 'angello16' has been set to element 'Object Repository/Crear_cuenta/CPN14/android.widget.EditText - Apodo (1)'

2023-06-07 12:04:19 - [TEST_STEP][PASSED] - hideKeyboard(): Keyboard is hidden

2023-06-07 12:04:21 - [MESSAGE][PASSED] - Keyboard is hidden

2023-06-07 12:04:21 - [TEST_STEP][PASSED] - verifyElementText(findTestObject("Object Repository/Crear_cuenta/CPN14/android.widget.TextView - Apodo no disponible"), "Apodo no disponible"): Actual text and expected text of test object 'Object Repository/Crear_cuenta/CPN14/android.widget.TextView - Apodo no disponible' are matched.

2023-06-07 12:04:21 - [MESSAGE][PASSED] - Actual text and expected text of test object 'Object Repository/Crear_cuenta/CPN14/android.widget.TextView - Apodo no disponible' are matched.

2023-06-07 12:04:21 - [TEST_STEP][PASSED] - verifyElementVisible(findTestObject("Crear_cuenta/CPN14/android.widget.ImageButton"), 0): Element 'Object Repository/Crear_cuenta/CPN14/android.widget.ImageButton' is visible

2023-06-07 12:04:21 - [MESSAGE][WARNING] - Timeout '0' is invalid. Using default page load timeout: '30'

2023-06-07 12:04:21 - [MESSAGE][PASSED] - Element 'Object Repository/Crear_cuenta/CPN14/android.widget.ImageButton' is visible

2023-06-07 12:04:21 - [TEST_STEP][PASSED] - tap(findTestObject("Crear_cuenta/CPN14/android.widget.Button - Siguiente"), 0): Tapped on element 'Object Repository/Crear_cuenta/CPN14/android.widget.Button - Siguiente'

2023-06-07 12:04:21 - [MESSAGE][WARNING] - Timeout '0' is invalid. Using default page load timeout: '30'

2023-06-07 12:04:21 - [MESSAGE][PASSED] - Tapped on element 'Object Repository/Crear_cuenta/CPN14/android.widget.Button - Siguiente']]></system-out>
         <system-err><![CDATA[]]></system-err>
      </testcase>
      <testcase name="Test Cases/Crear cuenta/CPN15" time="7.949" classname="Test Cases/Crear cuenta/CPN15" status="PASSED">
         <system-out><![CDATA[2023-06-07 12:04:21 - [TEST_CASE][PASSED] - Test Cases/Crear cuenta/CPN15: Test Cases/Crear cuenta/CPN15

2023-06-07 12:04:21 - [TEST_STEP][PASSED] - clearText(findTestObject("Object Repository/Crear_cuenta/CPN15/android.widget.EditText - angello16"), 0): Element 'Object Repository/Crear_cuenta/CPN15/android.widget.EditText - angello16' text is cleared

2023-06-07 12:04:21 - [MESSAGE][WARNING] - Timeout '0' is invalid. Using default page load timeout: '30'

2023-06-07 12:04:22 - [MESSAGE][PASSED] - Element 'Object Repository/Crear_cuenta/CPN15/android.widget.EditText - angello16' text is cleared

2023-06-07 12:04:22 - [TEST_STEP][PASSED] - tap(findTestObject("Object Repository/Crear_cuenta/CPN15/android.widget.EditText - Apodo"), 0): Tapped on element 'Object Repository/Crear_cuenta/CPN15/android.widget.EditText - Apodo'

2023-06-07 12:04:22 - [MESSAGE][WARNING] - Timeout '0' is invalid. Using default page load timeout: '30'

2023-06-07 12:04:23 - [MESSAGE][PASSED] - Tapped on element 'Object Repository/Crear_cuenta/CPN15/android.widget.EditText - Apodo'

2023-06-07 12:04:23 - [TEST_STEP][PASSED] - setText(findTestObject("Object Repository/Crear_cuenta/CPN15/android.widget.EditText - P000"), "LIBRE02", 0): Text 'LIBRE02' has been set to element 'Object Repository/Crear_cuenta/CPN15/android.widget.EditText - P000'

2023-06-07 12:04:23 - [MESSAGE][WARNING] - Timeout '0' is invalid. Using default page load timeout: '30'

2023-06-07 12:04:26 - [MESSAGE][PASSED] - Text 'LIBRE02' has been set to element 'Object Repository/Crear_cuenta/CPN15/android.widget.EditText - P000'

2023-06-07 12:04:26 - [TEST_STEP][PASSED] - verifyElementText(findTestObject("Object Repository/Crear_cuenta/CPN15/android.widget.TextView - El apodo te servir para identificarse en NapoleoN Chat, no lo podrs cambiar despes"), "El apodo te servirá para identificarse en NapoleoN Chat, no lo podrás cambiar despúes"): Actual text and expected text of test object 'Object Repository/Crear_cuenta/CPN15/android.widget.TextView - El apodo te servir para identificarse en NapoleoN Chat, no lo podrs cambiar despes' are matched.

2023-06-07 12:04:27 - [MESSAGE][PASSED] - Actual text and expected text of test object 'Object Repository/Crear_cuenta/CPN15/android.widget.TextView - El apodo te servir para identificarse en NapoleoN Chat, no lo podrs cambiar despes' are matched.

2023-06-07 12:04:27 - [TEST_STEP][PASSED] - clearText(findTestObject("Object Repository/Crear_cuenta/CPN15/android.widget.EditText - Opcional"), 0): Element 'Object Repository/Crear_cuenta/CPN15/android.widget.EditText - Opcional' text is cleared

2023-06-07 12:04:27 - [MESSAGE][WARNING] - Timeout '0' is invalid. Using default page load timeout: '30'

2023-06-07 12:04:27 - [MESSAGE][PASSED] - Element 'Object Repository/Crear_cuenta/CPN15/android.widget.EditText - Opcional' text is cleared

2023-06-07 12:04:27 - [TEST_STEP][PASSED] - hideKeyboard(): Keyboard is hidden

2023-06-07 12:04:29 - [MESSAGE][PASSED] - Keyboard is hidden

2023-06-07 12:04:29 - [TEST_STEP][PASSED] - tap(findTestObject("Object Repository/Crear_cuenta/CPN15/android.widget.Button - Siguiente"), 0): Tapped on element 'Object Repository/Crear_cuenta/CPN15/android.widget.Button - Siguiente'

2023-06-07 12:04:29 - [MESSAGE][WARNING] - Timeout '0' is invalid. Using default page load timeout: '30'

2023-06-07 12:04:29 - [MESSAGE][PASSED] - Tapped on element 'Object Repository/Crear_cuenta/CPN15/android.widget.Button - Siguiente']]></system-out>
         <system-err><![CDATA[]]></system-err>
      </testcase>
      <testcase name="Test Cases/Crear cuenta/CPN16-17" time="11.215" classname="Test Cases/Crear cuenta/CPN16-17" status="PASSED">
         <system-out><![CDATA[2023-06-07 12:04:29 - [TEST_CASE][PASSED] - Test Cases/Crear cuenta/CPN16-17: Test Cases/Crear cuenta/CPN16-17

2023-06-07 12:04:29 - [TEST_STEP][PASSED] - tap(findTestObject("Object Repository/Crear_cuenta/CPN16-17/android.widget.EditText - Pin de Acceso"), 0): Tapped on element 'Object Repository/Crear_cuenta/CPN16-17/android.widget.EditText - Pin de Acceso'

2023-06-07 12:04:29 - [MESSAGE][WARNING] - Timeout '0' is invalid. Using default page load timeout: '30'

2023-06-07 12:04:31 - [MESSAGE][PASSED] - Tapped on element 'Object Repository/Crear_cuenta/CPN16-17/android.widget.EditText - Pin de Acceso'

2023-06-07 12:04:31 - [TEST_STEP][PASSED] - setText(findTestObject("Object Repository/Crear_cuenta/CPN16-17/android.widget.EditText - Pin de Acceso (1)"), "00000", 0): Text '00000' has been set to element 'Object Repository/Crear_cuenta/CPN16-17/android.widget.EditText - Pin de Acceso (1)'

2023-06-07 12:04:31 - [MESSAGE][WARNING] - Timeout '0' is invalid. Using default page load timeout: '30'

2023-06-07 12:04:34 - [MESSAGE][PASSED] - Text '00000' has been set to element 'Object Repository/Crear_cuenta/CPN16-17/android.widget.EditText - Pin de Acceso (1)'

2023-06-07 12:04:34 - [TEST_STEP][PASSED] - setText(findTestObject("Object Repository/Crear_cuenta/CPN16-17/android.widget.EditText - Confirmar nuevo pin de acceso"), "1234", 0): Text '1234' has been set to element 'Object Repository/Crear_cuenta/CPN16-17/android.widget.EditText - Confirmar nuevo pin de acceso'

2023-06-07 12:04:34 - [MESSAGE][WARNING] - Timeout '0' is invalid. Using default page load timeout: '30'

2023-06-07 12:04:36 - [MESSAGE][PASSED] - Text '1234' has been set to element 'Object Repository/Crear_cuenta/CPN16-17/android.widget.EditText - Confirmar nuevo pin de acceso'

2023-06-07 12:04:36 - [TEST_STEP][PASSED] - delay(2, STOP_ON_FAILURE): Delayed 2 second(s)

2023-06-07 12:04:38 - [MESSAGE][PASSED] - Delayed 2 second(s)

2023-06-07 12:04:38 - [TEST_STEP][PASSED] - hideKeyboard(): Keyboard is hidden

2023-06-07 12:04:40 - [MESSAGE][PASSED] - Keyboard is hidden

2023-06-07 12:04:40 - [TEST_STEP][PASSED] - verifyElementText(findTestObject("Object Repository/Crear_cuenta/CPN16-17/android.widget.TextView - El pin de acceso no coincide"), "El pin de acceso no coincide"): Actual text and expected text of test object 'Object Repository/Crear_cuenta/CPN16-17/android.widget.TextView - El pin de acceso no coincide' are matched.

2023-06-07 12:04:40 - [MESSAGE][PASSED] - Actual text and expected text of test object 'Object Repository/Crear_cuenta/CPN16-17/android.widget.TextView - El pin de acceso no coincide' are matched.

2023-06-07 12:04:40 - [TEST_STEP][PASSED] - verifyElementText(findTestObject("Object Repository/Crear_cuenta/CPN16-17/android.widget.TextView - El pin de acceso no coincide (1)"), "El pin de acceso no coincide"): Actual text and expected text of test object 'Object Repository/Crear_cuenta/CPN16-17/android.widget.TextView - El pin de acceso no coincide (1)' are matched.

2023-06-07 12:04:40 - [MESSAGE][PASSED] - Actual text and expected text of test object 'Object Repository/Crear_cuenta/CPN16-17/android.widget.TextView - El pin de acceso no coincide (1)' are matched.]]></system-out>
         <system-err><![CDATA[]]></system-err>
      </testcase>
      <testcase name="Test Cases/Crear cuenta/CPN18-19" time="17.024" classname="Test Cases/Crear cuenta/CPN18-19" status="PASSED">
         <system-out><![CDATA[2023-06-07 12:04:40 - [TEST_CASE][PASSED] - Test Cases/Crear cuenta/CPN18-19: Test Cases/Crear cuenta/CPN18-19

2023-06-07 12:04:41 - [TEST_STEP][PASSED] - tap(findTestObject("Object Repository/Crear_cuenta/CPN18-19/android.widget.EditText - 0000"), 0): Tapped on element 'Object Repository/Crear_cuenta/CPN18-19/android.widget.EditText - 0000'

2023-06-07 12:04:41 - [MESSAGE][WARNING] - Timeout '0' is invalid. Using default page load timeout: '30'

2023-06-07 12:04:41 - [MESSAGE][PASSED] - Tapped on element 'Object Repository/Crear_cuenta/CPN18-19/android.widget.EditText - 0000'

2023-06-07 12:04:41 - [TEST_STEP][PASSED] - clearText(findTestObject("Object Repository/Crear_cuenta/CPN18-19/android.widget.EditText - 0000 (1)"), 0): Element 'Object Repository/Crear_cuenta/CPN18-19/android.widget.EditText - 0000 (1)' text is cleared

2023-06-07 12:04:41 - [MESSAGE][WARNING] - Timeout '0' is invalid. Using default page load timeout: '30'

2023-06-07 12:04:42 - [MESSAGE][PASSED] - Element 'Object Repository/Crear_cuenta/CPN18-19/android.widget.EditText - 0000 (1)' text is cleared

2023-06-07 12:04:42 - [TEST_STEP][PASSED] - clearText(findTestObject("Object Repository/Crear_cuenta/CPN18-19/android.widget.EditText - 1234"), 0): Element 'Object Repository/Crear_cuenta/CPN18-19/android.widget.EditText - 1234' text is cleared

2023-06-07 12:04:42 - [MESSAGE][WARNING] - Timeout '0' is invalid. Using default page load timeout: '30'

2023-06-07 12:04:43 - [MESSAGE][PASSED] - Element 'Object Repository/Crear_cuenta/CPN18-19/android.widget.EditText - 1234' text is cleared

2023-06-07 12:04:43 - [TEST_STEP][PASSED] - setText(findTestObject("Object Repository/Crear_cuenta/CPN18-19/android.widget.EditText - Pin de Acceso"), "0000", 0): Text '0000' has been set to element 'Object Repository/Crear_cuenta/CPN18-19/android.widget.EditText - Pin de Acceso'

2023-06-07 12:04:43 - [MESSAGE][WARNING] - Timeout '0' is invalid. Using default page load timeout: '30'

2023-06-07 12:04:46 - [MESSAGE][PASSED] - Text '0000' has been set to element 'Object Repository/Crear_cuenta/CPN18-19/android.widget.EditText - Pin de Acceso'

2023-06-07 12:04:46 - [TEST_STEP][PASSED] - setText(findTestObject("Object Repository/Crear_cuenta/CPN18-19/android.widget.EditText - Confirmar nuevo pin de acceso"), "1111", 0): Text '1111' has been set to element 'Object Repository/Crear_cuenta/CPN18-19/android.widget.EditText - Confirmar nuevo pin de acceso'

2023-06-07 12:04:46 - [MESSAGE][WARNING] - Timeout '0' is invalid. Using default page load timeout: '30'

2023-06-07 12:04:48 - [MESSAGE][PASSED] - Text '1111' has been set to element 'Object Repository/Crear_cuenta/CPN18-19/android.widget.EditText - Confirmar nuevo pin de acceso'

2023-06-07 12:04:48 - [TEST_STEP][PASSED] - clearText(findTestObject("Object Repository/Crear_cuenta/CPN18-19/android.widget.EditText - 1111"), 0): Element 'Object Repository/Crear_cuenta/CPN18-19/android.widget.EditText - 1111' text is cleared

2023-06-07 12:04:48 - [MESSAGE][WARNING] - Timeout '0' is invalid. Using default page load timeout: '30'

2023-06-07 12:04:49 - [MESSAGE][PASSED] - Element 'Object Repository/Crear_cuenta/CPN18-19/android.widget.EditText - 1111' text is cleared

2023-06-07 12:04:49 - [TEST_STEP][PASSED] - setText(findTestObject("Crear_cuenta/CPN18-19/android.widget.EditText - Confirmar nuevo pin de acceso"), "0000", 0): Text '0000' has been set to element 'Object Repository/Crear_cuenta/CPN18-19/android.widget.EditText - Confirmar nuevo pin de acceso'

2023-06-07 12:04:49 - [MESSAGE][WARNING] - Timeout '0' is invalid. Using default page load timeout: '30'

2023-06-07 12:04:52 - [MESSAGE][PASSED] - Text '0000' has been set to element 'Object Repository/Crear_cuenta/CPN18-19/android.widget.EditText - Confirmar nuevo pin de acceso'

2023-06-07 12:04:52 - [TEST_STEP][PASSED] - hideKeyboard(): Keyboard is hidden

2023-06-07 12:04:54 - [MESSAGE][PASSED] - Keyboard is hidden

2023-06-07 12:04:54 - [TEST_STEP][PASSED] - tap(findTestObject("Object Repository/Crear_cuenta/CPN18-19/android.widget.Button - Crear Cuenta"), 0): Tapped on element 'Object Repository/Crear_cuenta/CPN18-19/android.widget.Button - Crear Cuenta'

2023-06-07 12:04:54 - [MESSAGE][WARNING] - Timeout '0' is invalid. Using default page load timeout: '30'

2023-06-07 12:04:54 - [MESSAGE][PASSED] - Tapped on element 'Object Repository/Crear_cuenta/CPN18-19/android.widget.Button - Crear Cuenta'

2023-06-07 12:04:54 - [TEST_STEP][PASSED] - verifyElementExist(findTestObject("Object Repository/Crear_cuenta/CPN18-19/android.widget.TextView - NapoleoN"), 0): Element 'Object Repository/Crear_cuenta/CPN18-19/android.widget.TextView - NapoleoN' is exist

2023-06-07 12:04:54 - [MESSAGE][WARNING] - Timeout '0' is invalid. Using default page load timeout: '30'

2023-06-07 12:04:57 - [MESSAGE][PASSED] - Element 'Object Repository/Crear_cuenta/CPN18-19/android.widget.TextView - NapoleoN' is exist]]></system-out>
         <system-err><![CDATA[]]></system-err>
      </testcase>
      <testcase name="Test Cases/agregar" time="80.742" classname="Test Cases/agregar" status="PASSED">
         <system-out><![CDATA[2023-06-07 12:04:57 - [TEST_CASE][PASSED] - Test Cases/agregar: Test Cases/agregar

2023-06-07 12:04:58 - [TEST_STEP][PASSED] - delay(2, STOP_ON_FAILURE): Delayed 2 second(s)

2023-06-07 12:05:00 - [MESSAGE][PASSED] - Delayed 2 second(s)

2023-06-07 12:05:00 - [TEST_STEP][PASSED] - tap(findTestObject("Object Repository/agregar/android.widget.ImageView"), 0): Tapped on element 'Object Repository/agregar/android.widget.ImageView'

2023-06-07 12:05:00 - [MESSAGE][WARNING] - Timeout '0' is invalid. Using default page load timeout: '30'

2023-06-07 12:05:01 - [MESSAGE][PASSED] - Tapped on element 'Object Repository/agregar/android.widget.ImageView'

2023-06-07 12:05:01 - [TEST_STEP][PASSED] - tap(findTestObject("Object Repository/agregar/android.widget.Button - Agregar contactos"), 0): Tapped on element 'Object Repository/agregar/android.widget.Button - Agregar contactos'

2023-06-07 12:05:01 - [MESSAGE][WARNING] - Timeout '0' is invalid. Using default page load timeout: '30'

2023-06-07 12:05:03 - [MESSAGE][PASSED] - Tapped on element 'Object Repository/agregar/android.widget.Button - Agregar contactos'

2023-06-07 12:05:03 - [TEST_STEP][PASSED] - setText(findTestObject("Object Repository/agregar/android.widget.EditText - Busca por apodo"), "prueba2134", 0): Text 'prueba2134' has been set to element 'Object Repository/agregar/android.widget.EditText - Busca por apodo'

2023-06-07 12:05:03 - [MESSAGE][WARNING] - Timeout '0' is invalid. Using default page load timeout: '30'

2023-06-07 12:05:06 - [MESSAGE][PASSED] - Text 'prueba2134' has been set to element 'Object Repository/agregar/android.widget.EditText - Busca por apodo'

2023-06-07 12:05:06 - [TEST_STEP][PASSED] - tap(findTestObject("Object Repository/agregar/android.widget.Button - AGREGAR"), 0): Tapped on element 'Object Repository/agregar/android.widget.Button - AGREGAR'

2023-06-07 12:05:06 - [MESSAGE][WARNING] - Timeout '0' is invalid. Using default page load timeout: '30'

2023-06-07 12:05:08 - [MESSAGE][PASSED] - Tapped on element 'Object Repository/agregar/android.widget.Button - AGREGAR'

2023-06-07 12:05:08 - [TEST_STEP][PASSED] - delay(3, STOP_ON_FAILURE): Delayed 3 second(s)

2023-06-07 12:05:11 - [MESSAGE][PASSED] - Delayed 3 second(s)

2023-06-07 12:05:11 - [TEST_STEP][PASSED] - tap(findTestObject("Object Repository/agregar/android.widget.TextView"), 0): Tapped on element 'Object Repository/agregar/android.widget.TextView'

2023-06-07 12:05:11 - [MESSAGE][WARNING] - Timeout '0' is invalid. Using default page load timeout: '30'

2023-06-07 12:05:12 - [MESSAGE][PASSED] - Tapped on element 'Object Repository/agregar/android.widget.TextView'

2023-06-07 12:05:12 - [TEST_STEP][PASSED] - tap(findTestObject("Object Repository/agregar/android.widget.ImageButtonAtras"), 0): Tapped on element 'Object Repository/agregar/android.widget.ImageButtonAtras'

2023-06-07 12:05:12 - [MESSAGE][WARNING] - Timeout '0' is invalid. Using default page load timeout: '30'

2023-06-07 12:05:13 - [MESSAGE][PASSED] - Tapped on element 'Object Repository/agregar/android.widget.ImageButtonAtras'

2023-06-07 12:05:13 - [TEST_STEP][PASSED] - tap(findTestObject("Object Repository/agregar/android.view.ViewGroup"), 0): Tapped on element 'Object Repository/agregar/android.view.ViewGroup'

2023-06-07 12:05:13 - [MESSAGE][WARNING] - Timeout '0' is invalid. Using default page load timeout: '30'

2023-06-07 12:05:25 - [MESSAGE][PASSED] - Tapped on element 'Object Repository/agregar/android.view.ViewGroup'

2023-06-07 12:05:25 - [TEST_STEP][PASSED] - tap(findTestObject("Object Repository/agregar/android.widget.ImageButton (1)"), 0): Tapped on element 'Object Repository/agregar/android.widget.ImageButton (1)'

2023-06-07 12:05:25 - [MESSAGE][WARNING] - Timeout '0' is invalid. Using default page load timeout: '30'

2023-06-07 12:06:08 - [MESSAGE][PASSED] - Tapped on element 'Object Repository/agregar/android.widget.ImageButton (1)'

2023-06-07 12:06:08 - [TEST_STEP][PASSED] - tap(findTestObject("Object Repository/agregar/android.widget.FrameLayout"), 0): Tapped on element 'Object Repository/agregar/android.widget.FrameLayout'

2023-06-07 12:06:08 - [MESSAGE][WARNING] - Timeout '0' is invalid. Using default page load timeout: '30'

2023-06-07 12:06:09 - [MESSAGE][PASSED] - Tapped on element 'Object Repository/agregar/android.widget.FrameLayout'

2023-06-07 12:06:09 - [TEST_STEP][PASSED] - tapAndHold(findTestObject("Object Repository/agregar/android.view.ViewGroup (1)"), 1, 3): Tapped and held on element 'Object Repository/agregar/android.view.ViewGroup (1)' with duration 1

2023-06-07 12:06:13 - [MESSAGE][PASSED] - Tapped and held on element 'Object Repository/agregar/android.view.ViewGroup (1)' with duration 1

2023-06-07 12:06:13 - [TEST_STEP][PASSED] - tap(findTestObject("Object Repository/agregar/android.widget.LinearLayout"), 0): Tapped on element 'Object Repository/agregar/android.widget.LinearLayout'

2023-06-07 12:06:13 - [MESSAGE][WARNING] - Timeout '0' is invalid. Using default page load timeout: '30'

2023-06-07 12:06:14 - [MESSAGE][PASSED] - Tapped on element 'Object Repository/agregar/android.widget.LinearLayout'

2023-06-07 12:06:14 - [TEST_STEP][PASSED] - delay(2, STOP_ON_FAILURE): Delayed 2 second(s)

2023-06-07 12:06:16 - [MESSAGE][PASSED] - Delayed 2 second(s)

[...]
Session ID: 940dea57-2824-4a3c-b6dd-722294c2447e
	at org.openqa.selenium.remote.http.W3CHttpResponseCodec.createException(W3CHttpResponseCodec.java:187)
	at org.openqa.selenium.remote.http.W3CHttpResponseCodec.decode(W3CHttpResponseCodec.java:122)
	at org.openqa.selenium.remote.http.W3CHttpResponseCodec.decode(W3CHttpResponseCodec.java:49)
	at org.openqa.selenium.remote.HttpCommandExecutor.execute(HttpCommandExecutor.java:158)
	at io.appium.java_client.remote.AppiumCommandExecutor.execute(AppiumCommandExecutor.java:239)
	at org.openqa.selenium.remote.RemoteWebDriver.execute(RemoteWebDriver.java:552)
	at io.appium.java_client.DefaultGenericMobileDriver.execute(DefaultGenericMobileDriver.java:42)
	at io.appium.java_client.AppiumDriver.execute(AppiumDriver.java:1)
	at io.appium.java_client.android.AndroidDriver.execute(AndroidDriver.java:1)
	at com.kms.katalon.core.appium.driver.SwipeableAndroidDriver.execute(SwipeableAndroidDriver.java:1)
	at org.openqa.selenium.remote.RemoteWebElement.execute(RemoteWebElement.java:285)
	at io.appium.java_client.DefaultGenericMobileElement.execute(DefaultGenericMobileElement.java:45)
	at io.appium.java_client.MobileElement.execute(MobileElement.java:1)
	at io.appium.java_client.android.AndroidElement.execute(AndroidElement.java:1)
	at org.openqa.selenium.remote.RemoteWebElement.click(RemoteWebElement.java:84)
	at com.kms.katalon.core.mobile.keyword.builtin.TapKeyword$_tap_closure1.doCall(TapKeyword.groovy:82)
	at com.kms.katalon.core.mobile.keyword.builtin.TapKeyword$_tap_closure1.call(TapKeyword.groovy)
	at com.kms.katalon.core.mobile.keyword.internal.MobileKeywordMain.runKeyword(MobileKeywordMain.groovy:21)
	at com.kms.katalon.core.mobile.keyword.builtin.TapKeyword.tap(TapKeyword.groovy:84)
	at com.kms.katalon.core.mobile.keyword.builtin.TapKeyword.execute(TapKeyword.groovy:68)
	at com.kms.katalon.core.keyword.internal.KeywordExecutor.executeKeywordForPlatform(KeywordExecutor.groovy:74)
	at com.kms.katalon.core.mobile.keyword.MobileBuiltInKeywords.tap(MobileBuiltInKeywords.groovy:1490)
	at com.kms.katalon.core.mobile.keyword.MobileBuiltInKeywords$tap$1.call(Unknown Source)
	at CPN103.run(CPN103:20)
	at com.kms.katalon.core.main.ScriptEngine.run(ScriptEngine.java:194)
	at com.kms.katalon.core.main.ScriptEngine.runScriptAsRawText(ScriptEngine.java:119)
	at com.kms.katalon.core.main.TestCaseExecutor.runScript(TestCaseExecutor.java:448)
	at com.kms.katalon.core.main.TestCaseExecutor.doExecute(TestCaseExecutor.java:439)
	at com.kms.katalon.core.main.TestCaseExecutor.processExecutionPhase(TestCaseExecutor.java:418)
	at com.kms.katalon.core.main.TestCaseExecutor.accessMainPhase(TestCaseExecutor.java:410)
	at com.kms.katalon.core.main.TestCaseExecutor.execute(TestCaseExecutor.java:285)
	at com.kms.katalon.core.common.CommonExecutor.accessTestCaseMainPhase(CommonExecutor.java:65)
	at com.kms.katalon.core.main.TestSuiteExecutor.accessTestSuiteMainPhase(TestSuiteExecutor.java:151)
	at com.kms.katalon.core.main.TestSuiteExecutor.execute(TestSuiteExecutor.java:106)
	at com.kms.katalon.core.main.TestCaseMain.startTestSuite(TestCaseMain.java:185)
	at com.kms.katalon.core.main.TestCaseMain$startTestSuite$0.call(Unknown Source)
	at TempTestSuite1686157238834.run(TempTestSuite1686157238834.groovy:36)
)
	at com.kms.katalon.core.keyword.internal.KeywordMain.stepFailed(KeywordMain.groovy:50)
	at com.kms.katalon.core.mobile.keyword.internal.MobileKeywordMain.stepFailed(MobileKeywordMain.groovy:40)
	at com.kms.katalon.core.mobile.keyword.internal.MobileKeywordMain.runKeyword(MobileKeywordMain.groovy:23)
	at com.kms.katalon.core.mobile.keyword.builtin.TapKeyword.tap(TapKeyword.groovy:84)
	at com.kms.katalon.core.mobile.keyword.builtin.TapKeyword.execute(TapKeyword.groovy:68)
	at com.kms.katalon.core.keyword.internal.KeywordExecutor.executeKeywordForPlatform(KeywordExecutor.groovy:74)
	at com.kms.katalon.core.mobile.keyword.MobileBuiltInKeywords.tap(MobileBuiltInKeywords.groovy:1490)
	at com.kms.katalon.core.mobile.keyword.MobileBuiltInKeywords$tap$1.call(Unknown Source)
	at CPN103.run(CPN103:20)
	at com.kms.katalon.core.main.ScriptEngine.run(ScriptEngine.java:194)
	at com.kms.katalon.core.main.ScriptEngine.runScriptAsRawText(ScriptEngine.java:119)
	at com.kms.katalon.core.main.TestCaseExecutor.runScript(TestCaseExecutor.java:448)
	at com.kms.katalon.core.main.TestCaseExecutor.doExecute(TestCaseExecutor.java:439)
	at com.kms.katalon.core.main.TestCaseExecutor.processExecutionPhase(TestCaseExecutor.java:418)
	at com.kms.katalon.core.main.TestCaseExecutor.accessMainPhase(TestCaseExecutor.java:410)
	at com.kms.katalon.core.main.TestCaseExecutor.execute(TestCaseExecutor.java:285)
	at com.kms.katalon.core.common.CommonExecutor.accessTestCaseMainPhase(CommonExecutor.java:65)
	at com.kms.katalon.core.main.TestSuiteExecutor.accessTestSuiteMainPhase(TestSuiteExecutor.java:151)
	at com.kms.katalon.core.main.TestSuiteExecutor.execute(TestSuiteExecutor.java:106)
	at com.kms.katalon.core.main.TestCaseMain.startTestSuite(TestCaseMain.java:185)
	at com.kms.katalon.core.main.TestCaseMain$startTestSuite$0.call(Unknown Source)
	at TempTestSuite1686157238834.run(TempTestSuite1686157238834.groovy:36)
Caused by: org.openqa.selenium.StaleElementReferenceException: Cached elements 'By.xpath: //*[@class = 'android.view.ViewGroup' and @resource-id = 'com.naposystems.napoleonchat:id/constrainsLayout_conversation' and (@text = '' or . = '')]' do not exist in DOM anymore
For documentation on this error, please visit: https://www.seleniumhq.org/exceptions/stale_element_reference.html
Build info: version: '3.141.59', revision: 'e82be7d358', time: '2018-11-14T08:25:53'
System info: host: 'DESKTOP-OBIGNLU', ip: '192.168.1.6', os.name: 'Windows 10', os.arch: 'amd64', os.version: '10.0', java.version: '1.8.0_282'
Driver info: com.kms.katalon.core.appium.driver.SwipeableAndroidDriver
Capabilities {app: C:\Users\Testing\Desktop\ka..., appPackage: com.naposystems.napoleonchat, autoGrantPermissions: true, automationName: uiautomator2, chromedriverPort: 54545, databaseEnabled: false, desired: {app: C:\Users\Testing\Desktop\ka..., autoGrantPermissions: true, automationName: uiautomator2, chromedriverPort: 54545, deviceName: samsung SM-A107M (Android 11), fullReset: true, newCommandTimeout: 1800, noReset: false, platform: ANDROID, platformName: android, platformVersion: 11, systemPort: 54543, udid: R9WN40KBXDJ}, deviceApiLevel: 30, deviceManufacturer: samsung, deviceModel: SM-A107M, deviceName: R9WN40KBXDJ, deviceScreenDensity: 280, deviceScreenSize: 720x1520, deviceUDID: R9WN40KBXDJ, fullReset: true, javascriptEnabled: true, locationContextEnabled: false, networkConnectionEnabled: true, newCommandTimeout: 1800, noReset: false, pixelRatio: 1.75, platform: ANDROID, platformName: Android, platformVersion: 11, statBarHeight: 57, systemPort: 54543, takesScreenshot: true, udid: R9WN40KBXDJ, viewportRect: {height: 1324, left: 0, top: 57, width: 720}, warnings: {}, webStorageEnabled: false}
Session ID: 940dea57-2824-4a3c-b6dd-722294c2447e
	at org.openqa.selenium.remote.http.W3CHttpResponseCodec.createException(W3CHttpResponseCodec.java:187)
	at org.openqa.selenium.remote.http.W3CHttpResponseCodec.decode(W3CHttpResponseCodec.java:122)
	at org.openqa.selenium.remote.http.W3CHttpResponseCodec.decode(W3CHttpResponseCodec.java:49)
	at org.openqa.selenium.remote.HttpCommandExecutor.execute(HttpCommandExecutor.java:158)
	at io.appium.java_client.remote.AppiumCommandExecutor.execute(AppiumCommandExecutor.java:239)
	at org.openqa.selenium.remote.RemoteWebDriver.execute(RemoteWebDriver.java:552)
	at io.appium.java_client.DefaultGenericMobileDriver.execute(DefaultGenericMobileDriver.java:42)
	at io.appium.java_client.AppiumDriver.execute(AppiumDriver.java:1)
	at io.appium.java_client.android.AndroidDriver.execute(AndroidDriver.java:1)
	at com.kms.katalon.core.appium.driver.SwipeableAndroidDriver.execute(SwipeableAndroidDriver.java:1)
	at org.openqa.selenium.remote.RemoteWebElement.execute(RemoteWebElement.java:285)
	at io.appium.java_client.DefaultGenericMobileElement.execute(DefaultGenericMobileElement.java:45)
	at io.appium.java_client.MobileElement.execute(MobileElement.java:1)
	at io.appium.java_client.android.AndroidElement.execute(AndroidElement.java:1)
	at org.openqa.selenium.remote.RemoteWebElement.click(RemoteWebElement.java:84)
	at com.kms.katalon.core.mobile.keyword.builtin.TapKeyword$_tap_closure1.doCall(TapKeyword.groovy:82)
	at com.kms.katalon.core.mobile.keyword.builtin.TapKeyword$_tap_closure1.call(TapKeyword.groovy)
	at com.kms.katalon.core.mobile.keyword.internal.MobileKeywordMain.runKeyword(MobileKeywordMain.groovy:21)
	... 19 more]]></system-out>
      <system-err><![CDATA[2023-06-07 12:00:45 - [TEST_SUITE][FAILED] - PRUEBA-CPN105.1: Test Cases/EnvioMensajes/CPN103 FAILED.
Reason:
com.kms.katalon.core.exception.StepFailedException: Failed to tap on element 'Object Repository/CPN103/android.view.ViewGroup' (Root cause: org.openqa.selenium.StaleElementReferenceException: Cached elements 'By.xpath: //*[@class = 'android.view.ViewGroup' and @resource-id = 'com.naposystems.napoleonchat:id/constrainsLayout_conversation' and (@text = '' or . = '')]' do not exist in DOM anymore
For documentation on this error, please visit: https://www.seleniumhq.org/exceptions/stale_element_reference.html
Build info: version: '3.141.59', revision: 'e82be7d358', time: '2018-11-14T08:25:53'
System info: host: 'DESKTOP-OBIGNLU', ip: '192.168.1.6', os.name: 'Windows 10', os.arch: 'amd64', os.version: '10.0', java.version: '1.8.0_282'
Driver info: com.kms.katalon.core.appium.driver.SwipeableAndroidDriver
Capabilities {app: C:\Users\Testing\Desktop\ka..., appPackage: com.naposystems.napoleonchat, autoGrantPermissions: true, automationName: uiautomator2, chromedriverPort: 54545, databaseEnabled: false, desired: {app: C:\Users\Testing\Desktop\ka..., autoGrantPermissions: true, automationName: uiautomator2, chromedriverPort: 54545, deviceName: samsung SM-A107M (Android 11), fullReset: true, newCommandTimeout: 1800, noReset: false, platform: ANDROID, platformName: android, platformVersion: 11, systemPort: 54543, udid: R9WN40KBXDJ}, deviceApiLevel: 30, deviceManufacturer: samsung, deviceModel: SM-A107M, deviceName: R9WN40KBXDJ, deviceScreenDensity: 280, deviceScreenSize: 720x1520, deviceUDID: R9WN40KBXDJ, fullReset: true, javascriptEnabled: true, locationContextEnabled: false, networkConnectionEnabled: true, newCommandTimeout: 1800, noReset: false, pixelRatio: 1.75, platform: ANDROID, platformName: Android, platformVersion: 11, statBarHeight: 57, systemPort: 54543, takesScreenshot: true, udid: R9WN40KBXDJ, viewportRect: {height: 1324, left: 0, top: 57, width: 720}, warnings: {}, webStorageEnabled: false}
Session ID: 940dea57-2824-4a3c-b6dd-722294c2447e
	at org.openqa.selenium.remote.http.W3CHttpResponseCodec.createException(W3CHttpResponseCodec.java:187)
	at org.openqa.selenium.remote.http.W3CHttpResponseCodec.decode(W3CHttpResponseCodec.java:122)
	at org.openqa.selenium.remote.http.W3CHttpResponseCodec.decode(W3CHttpResponseCodec.java:49)
	at org.openqa.selenium.remote.HttpCommandExecutor.execute(HttpCommandExecutor.java:158)
	at io.appium.java_client.remote.AppiumCommandExecutor.execute(AppiumCommandExecutor.java:239)
	at org.openqa.selenium.remote.RemoteWebDriver.execute(RemoteWebDriver.java:552)
	at io.appium.java_client.DefaultGenericMobileDriver.execute(DefaultGenericMobileDriver.java:42)
	at io.appium.java_client.AppiumDriver.execute(AppiumDriver.java:1)
	at io.appium.java_client.android.AndroidDriver.execute(AndroidDriver.java:1)
	at com.kms.katalon.core.appium.driver.SwipeableAndroidDriver.execute(SwipeableAndroidDriver.java:1)
	at org.openqa.selenium.remote.RemoteWebElement.execute(RemoteWebElement.java:285)
	at io.appium.java_client.DefaultGenericMobileElement.execute(DefaultGenericMobileElement.java:45)
	at io.appium.java_client.MobileElement.execute(MobileElement.java:1)
	at io.appium.java_client.android.AndroidElement.execute(AndroidElement.java:1)
	at org.openqa.selenium.remote.RemoteWebElement.click(RemoteWebElement.java:84)
	at com.kms.katalon.core.mobile.keyword.builtin.TapKeyword$_tap_closure1.doCall(TapKeyword.groovy:82)
	at com.kms.katalon.core.mobile.keyword.builtin.TapKeyword$_tap_closure1.call(TapKeyword.groovy)
	at com.kms.katalon.core.mobile.keyword.internal.MobileKeywordMain.runKeyword(MobileKeywordMain.groovy:21)
	at com.kms.katalon.core.mobile.keyword.builtin.TapKeyword.tap(TapKeyword.groovy:84)
	at com.kms.katalon.core.mobile.keyword.builtin.TapKeyword.execute(TapKeyword.groovy:68)
	at com.kms.katalon.core.keyword.internal.KeywordExecutor.executeKeywordForPlatform(KeywordExecutor.groovy:74)
	at com.kms.katalon.core.mobile.keyword.MobileBuiltInKeywords.tap(MobileBuiltInKeywords.groovy:1490)
	at com.kms.katalon.core.mobile.keyword.MobileBuiltInKeywords$tap$1.call(Unknown Source)
	at CPN103.run(CPN103:20)
	at com.kms.katalon.core.main.ScriptEngine.run(ScriptEngine.java:194)
	at com.kms.katalon.core.main.ScriptEngine.runScriptAsRawText(ScriptEngine.java:119)
	at com.kms.katalon.core.main.TestCaseExecutor.runScript(TestCaseExecutor.java:448)
	at com.kms.katalon.core.main.TestCaseExecutor.doExecute(TestCaseExecutor.java:439)
	at com.kms.katalon.core.main.TestCaseExecutor.processExecutionPhase(TestCaseExecutor.java:418)
	at com.kms.katalon.core.main.TestCaseExecutor.accessMainPhase(TestCaseExecutor.java:410)
	at com.kms.katalon.core.main.TestCaseExecutor.execute(TestCaseExecutor.java:285)
	at com.kms.katalon.core.common.CommonExecutor.accessTestCaseMainPhase(CommonExecutor.java:65)
	at com.kms.katalon.core.main.TestSuiteExecutor.accessTestSuiteMainPhase(TestSuiteExecutor.java:151)
	at com.kms.katalon.core.main.TestSuiteExecutor.execute(TestSuiteExecutor.java:106)
	at com.kms.katalon.core.main.TestCaseMain.startTestSuite(TestCaseMain.java:185)
	at com.kms.katalon.core.main.TestCaseMain$startTestSuite$0.call(Unknown Source)
	at TempTestSuite1686157238834.run(TempTestSuite1686157238834.groovy:36)
)
	at com.kms.katalon.core.keyword.internal.KeywordMain.stepFailed(KeywordMain.groovy:50)
	at com.kms.katalon.core.mobile.keyword.internal.MobileKeywordMain.stepFailed(MobileKeywordMain.groovy:40)
	at com.kms.katalon.core.mobile.keyword.internal.MobileKeywordMain.runKeyword(MobileKeywordMain.groovy:23)
	at com.kms.katalon.core.mobile.keyword.builtin.TapKeyword.tap(TapKeyword.groovy:84)
	at com.kms.katalon.core.mobile.keyword.builtin.TapKeyword.execute(TapKeyword.groovy:68)
	at com.kms.katalon.core.keyword.internal.KeywordExecutor.executeKeywordForPlatform(KeywordExecutor.groovy:74)
	at com.kms.katalon.core.mobile.keyword.MobileBuiltInKeywords.tap(MobileBuiltInKeywords.groovy:1490)
	at com.kms.katalon.core.mobile.keyword.MobileBuiltInKeywords$tap$1.call(Unknown Source)
	at CPN103.run(CPN103:20)
	at com.kms.katalon.core.main.ScriptEngine.run(ScriptEngine.java:194)
	at com.kms.katalon.core.main.ScriptEngine.runScriptAsRawText(ScriptEngine.java:119)
	at com.kms.katalon.core.main.TestCaseExecutor.runScript(TestCaseExecutor.java:448)
	at com.kms.katalon.core.main.TestCaseExecutor.doExecute(TestCaseExecutor.java:439)
	at com.kms.katalon.core.main.TestCaseExecutor.processExecutionPhase(TestCaseExecutor.java:418)
	at com.kms.katalon.core.main.TestCaseExecutor.accessMainPhase(TestCaseExecutor.java:410)
	at com.kms.katalon.core.main.TestCaseExecutor.execute(TestCaseExecutor.java:285)
	at com.kms.katalon.core.common.CommonExecutor.accessTestCaseMainPhase(CommonExecutor.java:65)
	at com.kms.katalon.core.main.TestSuiteExecutor.accessTestSuiteMainPhase(TestSuiteExecutor.java:151)
	at com.kms.katalon.core.main.TestSuiteExecutor.execute(TestSuiteExecutor.java:106)
	at com.kms.katalon.core.main.TestCaseMain.startTestSuite(TestCaseMain.java:185)
	at com.kms.katalon.core.main.TestCaseMain$startTestSuite$0.call(Unknown Source)
	at TempTestSuite1686157238834.run(TempTestSuite1686157238834.groovy:36)
Caused by: org.openqa.selenium.StaleElementReferenceException: Cached elements 'By.xpath: //*[@class = 'android.view.ViewGroup' and @resource-id = 'com.naposystems.napoleonchat:id/constrainsLayout_conversation' and (@text = '' or . = '')]' do not exist in DOM anymore
For documentation on this error, please visit: https://www.seleniumhq.org/exceptions/stale_element_reference.html
Build info: version: '3.141.59', revision: 'e82be7d358', time: '2018-11-14T08:25:53'
System info: host: 'DESKTOP-OBIGNLU', ip: '192.168.1.6', os.name: 'Windows 10', os.arch: 'amd64', os.version: '10.0', java.version: '1.8.0_282'
Driver info: com.kms.katalon.core.appium.driver.SwipeableAndroidDriver
Capabilities {app: C:\Users\Testing\Desktop\ka..., appPackage: com.naposystems.napoleonchat, autoGrantPermissions: true, automationName: uiautomator2, chromedriverPort: 54545, databaseEnabled: false, desired: {app: C:\Users\Testing\Desktop\ka..., autoGrantPermissions: true, automationName: uiautomator2, chromedriverPort: 54545, deviceName: samsung SM-A107M (Android 11), fullReset: true, newCommandTimeout: 1800, noReset: false, platform: ANDROID, platformName: android, platformVersion: 11, systemPort: 54543, udid: R9WN40KBXDJ}, deviceApiLevel: 30, deviceManufacturer: samsung, deviceModel: SM-A107M, deviceName: R9WN40KBXDJ, deviceScreenDensity: 280, deviceScreenSize: 720x1520, deviceUDID: R9WN40KBXDJ, fullReset: true, javascriptEnabled: true, locationContextEnabled: false, networkConnectionEnabled: true, newCommandTimeout: 1800, noReset: false, pixelRatio: 1.75, platform: ANDROID, platformName: Android, platformVersion: 11, statBarHeight: 57, systemPort: 54543, takesScreenshot: true, udid: R9WN40KBXDJ, viewportRect: {height: 1324, left: 0, top: 57, width: 720}, warnings: {}, webStorageEnabled: false}
Session ID: 940dea57-2824-4a3c-b6dd-722294c2447e
	at org.openqa.selenium.remote.http.W3CHttpResponseCodec.createException(W3CHttpResponseCodec.java:187)
	at org.openqa.selenium.remote.http.W3CHttpResponseCodec.decode(W3CHttpResponseCodec.java:122)
	at org.openqa.selenium.remote.http.W3CHttpResponseCodec.decode(W3CHttpResponseCodec.java:49)
	at org.openqa.selenium.remote.HttpCommandExecutor.execute(HttpCommandExecutor.java:158)
	at io.appium.java_client.remote.AppiumCommandExecutor.execute(AppiumCommandExecutor.java:239)
	at org.openqa.selenium.remote.RemoteWebDriver.execute(RemoteWebDriver.java:552)
	at io.appium.java_client.DefaultGenericMobileDriver.execute(DefaultGenericMobileDriver.java:42)
	at io.appium.java_client.AppiumDriver.execute(AppiumDriver.java:1)
	at io.appium.java_client.android.AndroidDriver.execute(AndroidDriver.java:1)
	at com.kms.katalon.core.appium.driver.SwipeableAndroidDriver.execute(SwipeableAndroidDriver.java:1)
	at org.openqa.selenium.remote.RemoteWebElement.execute(RemoteWebElement.java:285)
	at io.appium.java_client.DefaultGenericMobileElement.execute(DefaultGenericMobileElement.java:45)
	at io.appium.java_client.MobileElement.execute(MobileElement.java:1)
	at io.appium.java_client.android.AndroidElement.execute(AndroidElement.java:1)
	at org.openqa.selenium.remote.RemoteWebElement.click(RemoteWebElement.java:84)
	at com.kms.katalon.core.mobile.keyword.builtin.TapKeyword$_tap_closure1.doCall(TapKeyword.groovy:82)
	at com.kms.katalon.core.mobile.keyword.builtin.TapKeyword$_tap_closure1.call(TapKeyword.groovy)
	at com.kms.katalon.core.mobile.keyword.internal.MobileKeywordMain.runKeyword(MobileKeywordMain.groovy:21)
	... 19 more]]></system-err>
   </testsuite>
</testsuites>
